|-((?xY->(A->W))->(A->(?xY->W)))
((((?xY->(A->W))->(?xY->(?xY->(A->W))))->(A->((?xY->(A->W))->(?xY->(?xY->(A->W))))))->((?xY->(A->W))->(((?xY->(A->W))->(?xY->(?xY->(A->W))))->(A->((?xY->(A->W))->(?xY->(?xY->(A->W))))))))
(((?xY->(A->W))->(?xY->(?xY->(A->W))))->(A->((?xY->(A->W))->(?xY->(?xY->(A->W))))))
((?xY->(A->W))->(((?xY->(A->W))->(?xY->(?xY->(A->W))))->(A->((?xY->(A->W))->(?xY->(?xY->(A->W)))))))
(((?xY->(A->W))->(?xY->(?xY->(A->W))))->((?xY->(A->W))->((?xY->(A->W))->(?xY->(?xY->(A->W))))))
((?xY->(A->W))->(?xY->(?xY->(A->W))))
((?xY->(A->W))->((?xY->(A->W))->(?xY->(?xY->(A->W)))))
(((?xY->(A->W))->((?xY->(A->W))->(?xY->(?xY->(A->W)))))->(((?xY->(A->W))->(((?xY->(A->W))->(?xY->(?xY->(A->W))))->(A->((?xY->(A->W))->(?xY->(?xY->(A->W)))))))->((?xY->(A->W))->(A->((?xY->(A->W))->(?xY->(?xY->(A->W))))))))
(((?xY->(A->W))->(((?xY->(A->W))->(?xY->(?xY->(A->W))))->(A->((?xY->(A->W))->(?xY->(?xY->(A->W)))))))->((?xY->(A->W))->(A->((?xY->(A->W))->(?xY->(?xY->(A->W)))))))
((?xY->(A->W))->(A->((?xY->(A->W))->(?xY->(?xY->(A->W))))))
(((?xY->(A->W))->(A->(?xY->(A->W))))->((?xY->(A->W))->((?xY->(A->W))->(A->(?xY->(A->W))))))
((?xY->(A->W))->(A->(?xY->(A->W))))
((?xY->(A->W))->((?xY->(A->W))->(A->(?xY->(A->W)))))
((?xY->(A->W))->(((?xY->(A->W))->(?xY->(A->W)))->(?xY->(A->W))))
((?xY->(A->W))->((?xY->(A->W))->(?xY->(A->W))))
(((?xY->(A->W))->((?xY->(A->W))->(?xY->(A->W))))->(((?xY->(A->W))->(((?xY->(A->W))->(?xY->(A->W)))->(?xY->(A->W))))->((?xY->(A->W))->(?xY->(A->W)))))
(((?xY->(A->W))->(((?xY->(A->W))->(?xY->(A->W)))->(?xY->(A->W))))->((?xY->(A->W))->(?xY->(A->W))))
((?xY->(A->W))->(?xY->(A->W)))
(((?xY->(A->W))->(?xY->(A->W)))->(((?xY->(A->W))->((?xY->(A->W))->(A->(?xY->(A->W)))))->((?xY->(A->W))->(A->(?xY->(A->W))))))
(((?xY->(A->W))->((?xY->(A->W))->(A->(?xY->(A->W)))))->((?xY->(A->W))->(A->(?xY->(A->W)))))
((?xY->(A->W))->(A->(?xY->(A->W))))
(((A->(?xY->(A->W)))->((A->((?xY->(A->W))->(?xY->(?xY->(A->W)))))->(A->(?xY->(?xY->(A->W))))))->((?xY->(A->W))->((A->(?xY->(A->W)))->((A->((?xY->(A->W))->(?xY->(?xY->(A->W)))))->(A->(?xY->(?xY->(A->W))))))))
((A->(?xY->(A->W)))->((A->((?xY->(A->W))->(?xY->(?xY->(A->W)))))->(A->(?xY->(?xY->(A->W))))))
((?xY->(A->W))->((A->(?xY->(A->W)))->((A->((?xY->(A->W))->(?xY->(?xY->(A->W)))))->(A->(?xY->(?xY->(A->W)))))))
(((?xY->(A->W))->(A->(?xY->(A->W))))->(((?xY->(A->W))->((A->(?xY->(A->W)))->((A->((?xY->(A->W))->(?xY->(?xY->(A->W)))))->(A->(?xY->(?xY->(A->W)))))))->((?xY->(A->W))->((A->((?xY->(A->W))->(?xY->(?xY->(A->W)))))->(A->(?xY->(?xY->(A->W))))))))
(((?xY->(A->W))->((A->(?xY->(A->W)))->((A->((?xY->(A->W))->(?xY->(?xY->(A->W)))))->(A->(?xY->(?xY->(A->W)))))))->((?xY->(A->W))->((A->((?xY->(A->W))->(?xY->(?xY->(A->W)))))->(A->(?xY->(?xY->(A->W)))))))
((?xY->(A->W))->((A->((?xY->(A->W))->(?xY->(?xY->(A->W)))))->(A->(?xY->(?xY->(A->W))))))
(((?xY->(A->W))->(A->((?xY->(A->W))->(?xY->(?xY->(A->W))))))->(((?xY->(A->W))->((A->((?xY->(A->W))->(?xY->(?xY->(A->W)))))->(A->(?xY->(?xY->(A->W))))))->((?xY->(A->W))->(A->(?xY->(?xY->(A->W)))))))
(((?xY->(A->W))->((A->((?xY->(A->W))->(?xY->(?xY->(A->W)))))->(A->(?xY->(?xY->(A->W))))))->((?xY->(A->W))->(A->(?xY->(?xY->(A->W))))))
((?xY->(A->W))->(A->(?xY->(?xY->(A->W)))))
(((A->(?xY->A))->(A->(A->(?xY->A))))->((?xY->(A->W))->((A->(?xY->A))->(A->(A->(?xY->A))))))
((A->(?xY->A))->(A->(A->(?xY->A))))
((?xY->(A->W))->((A->(?xY->A))->(A->(A->(?xY->A)))))
((A->(?xY->A))->((?xY->(A->W))->(A->(?xY->A))))
(A->(?xY->A))
((?xY->(A->W))->(A->(?xY->A)))
(((?xY->(A->W))->(A->(?xY->A)))->(((?xY->(A->W))->((A->(?xY->A))->(A->(A->(?xY->A)))))->((?xY->(A->W))->(A->(A->(?xY->A))))))
(((?xY->(A->W))->((A->(?xY->A))->(A->(A->(?xY->A)))))->((?xY->(A->W))->(A->(A->(?xY->A)))))
((?xY->(A->W))->(A->(A->(?xY->A))))
((A->((A->A)->A))->((?xY->(A->W))->(A->((A->A)->A))))
(A->((A->A)->A))
((?xY->(A->W))->(A->((A->A)->A)))
((A->(A->A))->((?xY->(A->W))->(A->(A->A))))
(A->(A->A))
((?xY->(A->W))->(A->(A->A)))
(((A->(A->A))->((A->((A->A)->A))->(A->A)))->((?xY->(A->W))->((A->(A->A))->((A->((A->A)->A))->(A->A)))))
((A->(A->A))->((A->((A->A)->A))->(A->A)))
((?xY->(A->W))->((A->(A->A))->((A->((A->A)->A))->(A->A))))
(((?xY->(A->W))->(A->(A->A)))->(((?xY->(A->W))->((A->(A->A))->((A->((A->A)->A))->(A->A))))->((?xY->(A->W))->((A->((A->A)->A))->(A->A)))))
(((?xY->(A->W))->((A->(A->A))->((A->((A->A)->A))->(A->A))))->((?xY->(A->W))->((A->((A->A)->A))->(A->A))))
((?xY->(A->W))->((A->((A->A)->A))->(A->A)))
(((?xY->(A->W))->(A->((A->A)->A)))->(((?xY->(A->W))->((A->((A->A)->A))->(A->A)))->((?xY->(A->W))->(A->A))))
(((?xY->(A->W))->((A->((A->A)->A))->(A->A)))->((?xY->(A->W))->(A->A)))
((?xY->(A->W))->(A->A))
(((A->A)->((A->(A->(?xY->A)))->(A->(?xY->A))))->((?xY->(A->W))->((A->A)->((A->(A->(?xY->A)))->(A->(?xY->A))))))
((A->A)->((A->(A->(?xY->A)))->(A->(?xY->A))))
((?xY->(A->W))->((A->A)->((A->(A->(?xY->A)))->(A->(?xY->A)))))
(((?xY->(A->W))->(A->A))->(((?xY->(A->W))->((A->A)->((A->(A->(?xY->A)))->(A->(?xY->A)))))->((?xY->(A->W))->((A->(A->(?xY->A)))->(A->(?xY->A))))))
(((?xY->(A->W))->((A->A)->((A->(A->(?xY->A)))->(A->(?xY->A)))))->((?xY->(A->W))->((A->(A->(?xY->A)))->(A->(?xY->A)))))
((?xY->(A->W))->((A->(A->(?xY->A)))->(A->(?xY->A))))
((A->(?xY->A))->((?xY->(A->W))->(A->(?xY->A))))
(A->(?xY->A))
((?xY->(A->W))->(A->(?xY->A)))
(((?xY->((?xY->?xY)->?xY))->(A->(?xY->((?xY->?xY)->?xY))))->((?xY->(A->W))->((?xY->((?xY->?xY)->?xY))->(A->(?xY->((?xY->?xY)->?xY))))))
((?xY->((?xY->?xY)->?xY))->(A->(?xY->((?xY->?xY)->?xY))))
((?xY->(A->W))->((?xY->((?xY->?xY)->?xY))->(A->(?xY->((?xY->?xY)->?xY)))))
((?xY->((?xY->?xY)->?xY))->((?xY->(A->W))->(?xY->((?xY->?xY)->?xY))))
(?xY->((?xY->?xY)->?xY))
((?xY->(A->W))->(?xY->((?xY->?xY)->?xY)))
(((?xY->(A->W))->(?xY->((?xY->?xY)->?xY)))->(((?xY->(A->W))->((?xY->((?xY->?xY)->?xY))->(A->(?xY->((?xY->?xY)->?xY)))))->((?xY->(A->W))->(A->(?xY->((?xY->?xY)->?xY))))))
(((?xY->(A->W))->((?xY->((?xY->?xY)->?xY))->(A->(?xY->((?xY->?xY)->?xY)))))->((?xY->(A->W))->(A->(?xY->((?xY->?xY)->?xY)))))
((?xY->(A->W))->(A->(?xY->((?xY->?xY)->?xY))))
(((?xY->(?xY->?xY))->(A->(?xY->(?xY->?xY))))->((?xY->(A->W))->((?xY->(?xY->?xY))->(A->(?xY->(?xY->?xY))))))
((?xY->(?xY->?xY))->(A->(?xY->(?xY->?xY))))
((?xY->(A->W))->((?xY->(?xY->?xY))->(A->(?xY->(?xY->?xY)))))
((?xY->(?xY->?xY))->((?xY->(A->W))->(?xY->(?xY->?xY))))
(?xY->(?xY->?xY))
((?xY->(A->W))->(?xY->(?xY->?xY)))
(((?xY->(A->W))->(?xY->(?xY->?xY)))->(((?xY->(A->W))->((?xY->(?xY->?xY))->(A->(?xY->(?xY->?xY)))))->((?xY->(A->W))->(A->(?xY->(?xY->?xY))))))
(((?xY->(A->W))->((?xY->(?xY->?xY))->(A->(?xY->(?xY->?xY)))))->((?xY->(A->W))->(A->(?xY->(?xY->?xY)))))
((?xY->(A->W))->(A->(?xY->(?xY->?xY))))
((((?xY->(?xY->?xY))->((?xY->((?xY->?xY)->?xY))->(?xY->?xY)))->(A->((?xY->(?xY->?xY))->((?xY->((?xY->?xY)->?xY))->(?xY->?xY)))))->((?xY->(A->W))->(((?xY->(?xY->?xY))->((?xY->((?xY->?xY)->?xY))->(?xY->?xY)))->(A->((?xY->(?xY->?xY))->((?xY->((?xY->?xY)->?xY))->(?xY->?xY)))))))
(((?xY->(?xY->?xY))->((?xY->((?xY->?xY)->?xY))->(?xY->?xY)))->(A->((?xY->(?xY->?xY))->((?xY->((?xY->?xY)->?xY))->(?xY->?xY)))))
((?xY->(A->W))->(((?xY->(?xY->?xY))->((?xY->((?xY->?xY)->?xY))->(?xY->?xY)))->(A->((?xY->(?xY->?xY))->((?xY->((?xY->?xY)->?xY))->(?xY->?xY))))))
(((?xY->(?xY->?xY))->((?xY->((?xY->?xY)->?xY))->(?xY->?xY)))->((?xY->(A->W))->((?xY->(?xY->?xY))->((?xY->((?xY->?xY)->?xY))->(?xY->?xY)))))
((?xY->(?xY->?xY))->((?xY->((?xY->?xY)->?xY))->(?xY->?xY)))
((?xY->(A->W))->((?xY->(?xY->?xY))->((?xY->((?xY->?xY)->?xY))->(?xY->?xY))))
(((?xY->(A->W))->((?xY->(?xY->?xY))->((?xY->((?xY->?xY)->?xY))->(?xY->?xY))))->(((?xY->(A->W))->(((?xY->(?xY->?xY))->((?xY->((?xY->?xY)->?xY))->(?xY->?xY)))->(A->((?xY->(?xY->?xY))->((?xY->((?xY->?xY)->?xY))->(?xY->?xY))))))->((?xY->(A->W))->(A->((?xY->(?xY->?xY))->((?xY->((?xY->?xY)->?xY))->(?xY->?xY)))))))
(((?xY->(A->W))->(((?xY->(?xY->?xY))->((?xY->((?xY->?xY)->?xY))->(?xY->?xY)))->(A->((?xY->(?xY->?xY))->((?xY->((?xY->?xY)->?xY))->(?xY->?xY))))))->((?xY->(A->W))->(A->((?xY->(?xY->?xY))->((?xY->((?xY->?xY)->?xY))->(?xY->?xY))))))
((?xY->(A->W))->(A->((?xY->(?xY->?xY))->((?xY->((?xY->?xY)->?xY))->(?xY->?xY)))))
(((A->(?xY->(?xY->?xY)))->((A->((?xY->(?xY->?xY))->((?xY->((?xY->?xY)->?xY))->(?xY->?xY))))->(A->((?xY->((?xY->?xY)->?xY))->(?xY->?xY)))))->((?xY->(A->W))->((A->(?xY->(?xY->?xY)))->((A->((?xY->(?xY->?xY))->((?xY->((?xY->?xY)->?xY))->(?xY->?xY))))->(A->((?xY->((?xY->?xY)->?xY))->(?xY->?xY)))))))
((A->(?xY->(?xY->?xY)))->((A->((?xY->(?xY->?xY))->((?xY->((?xY->?xY)->?xY))->(?xY->?xY))))->(A->((?xY->((?xY->?xY)->?xY))->(?xY->?xY)))))
((?xY->(A->W))->((A->(?xY->(?xY->?xY)))->((A->((?xY->(?xY->?xY))->((?xY->((?xY->?xY)->?xY))->(?xY->?xY))))->(A->((?xY->((?xY->?xY)->?xY))->(?xY->?xY))))))
(((?xY->(A->W))->(A->(?xY->(?xY->?xY))))->(((?xY->(A->W))->((A->(?xY->(?xY->?xY)))->((A->((?xY->(?xY->?xY))->((?xY->((?xY->?xY)->?xY))->(?xY->?xY))))->(A->((?xY->((?xY->?xY)->?xY))->(?xY->?xY))))))->((?xY->(A->W))->((A->((?xY->(?xY->?xY))->((?xY->((?xY->?xY)->?xY))->(?xY->?xY))))->(A->((?xY->((?xY->?xY)->?xY))->(?xY->?xY)))))))
(((?xY->(A->W))->((A->(?xY->(?xY->?xY)))->((A->((?xY->(?xY->?xY))->((?xY->((?xY->?xY)->?xY))->(?xY->?xY))))->(A->((?xY->((?xY->?xY)->?xY))->(?xY->?xY))))))->((?xY->(A->W))->((A->((?xY->(?xY->?xY))->((?xY->((?xY->?xY)->?xY))->(?xY->?xY))))->(A->((?xY->((?xY->?xY)->?xY))->(?xY->?xY))))))
((?xY->(A->W))->((A->((?xY->(?xY->?xY))->((?xY->((?xY->?xY)->?xY))->(?xY->?xY))))->(A->((?xY->((?xY->?xY)->?xY))->(?xY->?xY)))))
(((?xY->(A->W))->(A->((?xY->(?xY->?xY))->((?xY->((?xY->?xY)->?xY))->(?xY->?xY)))))->(((?xY->(A->W))->((A->((?xY->(?xY->?xY))->((?xY->((?xY->?xY)->?xY))->(?xY->?xY))))->(A->((?xY->((?xY->?xY)->?xY))->(?xY->?xY)))))->((?xY->(A->W))->(A->((?xY->((?xY->?xY)->?xY))->(?xY->?xY))))))
(((?xY->(A->W))->((A->((?xY->(?xY->?xY))->((?xY->((?xY->?xY)->?xY))->(?xY->?xY))))->(A->((?xY->((?xY->?xY)->?xY))->(?xY->?xY)))))->((?xY->(A->W))->(A->((?xY->((?xY->?xY)->?xY))->(?xY->?xY)))))
((?xY->(A->W))->(A->((?xY->((?xY->?xY)->?xY))->(?xY->?xY))))
(((A->(?xY->((?xY->?xY)->?xY)))->((A->((?xY->((?xY->?xY)->?xY))->(?xY->?xY)))->(A->(?xY->?xY))))->((?xY->(A->W))->((A->(?xY->((?xY->?xY)->?xY)))->((A->((?xY->((?xY->?xY)->?xY))->(?xY->?xY)))->(A->(?xY->?xY))))))
((A->(?xY->((?xY->?xY)->?xY)))->((A->((?xY->((?xY->?xY)->?xY))->(?xY->?xY)))->(A->(?xY->?xY))))
((?xY->(A->W))->((A->(?xY->((?xY->?xY)->?xY)))->((A->((?xY->((?xY->?xY)->?xY))->(?xY->?xY)))->(A->(?xY->?xY)))))
(((?xY->(A->W))->(A->(?xY->((?xY->?xY)->?xY))))->(((?xY->(A->W))->((A->(?xY->((?xY->?xY)->?xY)))->((A->((?xY->((?xY->?xY)->?xY))->(?xY->?xY)))->(A->(?xY->?xY)))))->((?xY->(A->W))->((A->((?xY->((?xY->?xY)->?xY))->(?xY->?xY)))->(A->(?xY->?xY))))))
(((?xY->(A->W))->((A->(?xY->((?xY->?xY)->?xY)))->((A->((?xY->((?xY->?xY)->?xY))->(?xY->?xY)))->(A->(?xY->?xY)))))->((?xY->(A->W))->((A->((?xY->((?xY->?xY)->?xY))->(?xY->?xY)))->(A->(?xY->?xY)))))
((?xY->(A->W))->((A->((?xY->((?xY->?xY)->?xY))->(?xY->?xY)))->(A->(?xY->?xY))))
(((?xY->(A->W))->(A->((?xY->((?xY->?xY)->?xY))->(?xY->?xY))))->(((?xY->(A->W))->((A->((?xY->((?xY->?xY)->?xY))->(?xY->?xY)))->(A->(?xY->?xY))))->((?xY->(A->W))->(A->(?xY->?xY)))))
(((?xY->(A->W))->((A->((?xY->((?xY->?xY)->?xY))->(?xY->?xY)))->(A->(?xY->?xY))))->((?xY->(A->W))->(A->(?xY->?xY))))
((?xY->(A->W))->(A->(?xY->?xY)))
((((?xY->?xY)->((?xY->(?xY->(A->W)))->(?xY->(A->W))))->(A->((?xY->?xY)->((?xY->(?xY->(A->W)))->(?xY->(A->W))))))->((?xY->(A->W))->(((?xY->?xY)->((?xY->(?xY->(A->W)))->(?xY->(A->W))))->(A->((?xY->?xY)->((?xY->(?xY->(A->W)))->(?xY->(A->W))))))))
(((?xY->?xY)->((?xY->(?xY->(A->W)))->(?xY->(A->W))))->(A->((?xY->?xY)->((?xY->(?xY->(A->W)))->(?xY->(A->W))))))
((?xY->(A->W))->(((?xY->?xY)->((?xY->(?xY->(A->W)))->(?xY->(A->W))))->(A->((?xY->?xY)->((?xY->(?xY->(A->W)))->(?xY->(A->W)))))))
(((?xY->?xY)->((?xY->(?xY->(A->W)))->(?xY->(A->W))))->((?xY->(A->W))->((?xY->?xY)->((?xY->(?xY->(A->W)))->(?xY->(A->W))))))
((?xY->?xY)->((?xY->(?xY->(A->W)))->(?xY->(A->W))))
((?xY->(A->W))->((?xY->?xY)->((?xY->(?xY->(A->W)))->(?xY->(A->W)))))
(((?xY->(A->W))->((?xY->?xY)->((?xY->(?xY->(A->W)))->(?xY->(A->W)))))->(((?xY->(A->W))->(((?xY->?xY)->((?xY->(?xY->(A->W)))->(?xY->(A->W))))->(A->((?xY->?xY)->((?xY->(?xY->(A->W)))->(?xY->(A->W)))))))->((?xY->(A->W))->(A->((?xY->?xY)->((?xY->(?xY->(A->W)))->(?xY->(A->W))))))))
(((?xY->(A->W))->(((?xY->?xY)->((?xY->(?xY->(A->W)))->(?xY->(A->W))))->(A->((?xY->?xY)->((?xY->(?xY->(A->W)))->(?xY->(A->W)))))))->((?xY->(A->W))->(A->((?xY->?xY)->((?xY->(?xY->(A->W)))->(?xY->(A->W)))))))
((?xY->(A->W))->(A->((?xY->?xY)->((?xY->(?xY->(A->W)))->(?xY->(A->W))))))
(((A->(?xY->?xY))->((A->((?xY->?xY)->((?xY->(?xY->(A->W)))->(?xY->(A->W)))))->(A->((?xY->(?xY->(A->W)))->(?xY->(A->W))))))->((?xY->(A->W))->((A->(?xY->?xY))->((A->((?xY->?xY)->((?xY->(?xY->(A->W)))->(?xY->(A->W)))))->(A->((?xY->(?xY->(A->W)))->(?xY->(A->W))))))))
((A->(?xY->?xY))->((A->((?xY->?xY)->((?xY->(?xY->(A->W)))->(?xY->(A->W)))))->(A->((?xY->(?xY->(A->W)))->(?xY->(A->W))))))
((?xY->(A->W))->((A->(?xY->?xY))->((A->((?xY->?xY)->((?xY->(?xY->(A->W)))->(?xY->(A->W)))))->(A->((?xY->(?xY->(A->W)))->(?xY->(A->W)))))))
(((?xY->(A->W))->(A->(?xY->?xY)))->(((?xY->(A->W))->((A->(?xY->?xY))->((A->((?xY->?xY)->((?xY->(?xY->(A->W)))->(?xY->(A->W)))))->(A->((?xY->(?xY->(A->W)))->(?xY->(A->W)))))))->((?xY->(A->W))->((A->((?xY->?xY)->((?xY->(?xY->(A->W)))->(?xY->(A->W)))))->(A->((?xY->(?xY->(A->W)))->(?xY->(A->W))))))))
(((?xY->(A->W))->((A->(?xY->?xY))->((A->((?xY->?xY)->((?xY->(?xY->(A->W)))->(?xY->(A->W)))))->(A->((?xY->(?xY->(A->W)))->(?xY->(A->W)))))))->((?xY->(A->W))->((A->((?xY->?xY)->((?xY->(?xY->(A->W)))->(?xY->(A->W)))))->(A->((?xY->(?xY->(A->W)))->(?xY->(A->W)))))))
((?xY->(A->W))->((A->((?xY->?xY)->((?xY->(?xY->(A->W)))->(?xY->(A->W)))))->(A->((?xY->(?xY->(A->W)))->(?xY->(A->W))))))
(((?xY->(A->W))->(A->((?xY->?xY)->((?xY->(?xY->(A->W)))->(?xY->(A->W))))))->(((?xY->(A->W))->((A->((?xY->?xY)->((?xY->(?xY->(A->W)))->(?xY->(A->W)))))->(A->((?xY->(?xY->(A->W)))->(?xY->(A->W))))))->((?xY->(A->W))->(A->((?xY->(?xY->(A->W)))->(?xY->(A->W)))))))
(((?xY->(A->W))->((A->((?xY->?xY)->((?xY->(?xY->(A->W)))->(?xY->(A->W)))))->(A->((?xY->(?xY->(A->W)))->(?xY->(A->W))))))->((?xY->(A->W))->(A->((?xY->(?xY->(A->W)))->(?xY->(A->W))))))
((?xY->(A->W))->(A->((?xY->(?xY->(A->W)))->(?xY->(A->W)))))
(((?xY->(A->W))->(A->(?xY->(A->W))))->((?xY->(A->W))->((?xY->(A->W))->(A->(?xY->(A->W))))))
((?xY->(A->W))->(A->(?xY->(A->W))))
((?xY->(A->W))->((?xY->(A->W))->(A->(?xY->(A->W)))))
((?xY->(A->W))->(((?xY->(A->W))->(?xY->(A->W)))->(?xY->(A->W))))
((?xY->(A->W))->((?xY->(A->W))->(?xY->(A->W))))
(((?xY->(A->W))->((?xY->(A->W))->(?xY->(A->W))))->(((?xY->(A->W))->(((?xY->(A->W))->(?xY->(A->W)))->(?xY->(A->W))))->((?xY->(A->W))->(?xY->(A->W)))))
(((?xY->(A->W))->(((?xY->(A->W))->(?xY->(A->W)))->(?xY->(A->W))))->((?xY->(A->W))->(?xY->(A->W))))
((?xY->(A->W))->(?xY->(A->W)))
(((?xY->(A->W))->(?xY->(A->W)))->(((?xY->(A->W))->((?xY->(A->W))->(A->(?xY->(A->W)))))->((?xY->(A->W))->(A->(?xY->(A->W))))))
(((?xY->(A->W))->((?xY->(A->W))->(A->(?xY->(A->W)))))->((?xY->(A->W))->(A->(?xY->(A->W)))))
((?xY->(A->W))->(A->(?xY->(A->W))))
((((?xY->A)->((?xY->(A->W))->(?xY->W)))->(A->((?xY->A)->((?xY->(A->W))->(?xY->W)))))->((?xY->(A->W))->(((?xY->A)->((?xY->(A->W))->(?xY->W)))->(A->((?xY->A)->((?xY->(A->W))->(?xY->W)))))))
(((?xY->A)->((?xY->(A->W))->(?xY->W)))->(A->((?xY->A)->((?xY->(A->W))->(?xY->W)))))
((?xY->(A->W))->(((?xY->A)->((?xY->(A->W))->(?xY->W)))->(A->((?xY->A)->((?xY->(A->W))->(?xY->W))))))
(((?xY->A)->((?xY->(A->W))->(?xY->W)))->((?xY->(A->W))->((?xY->A)->((?xY->(A->W))->(?xY->W)))))
((?xY->A)->((?xY->(A->W))->(?xY->W)))
((?xY->(A->W))->((?xY->A)->((?xY->(A->W))->(?xY->W))))
(((?xY->(A->W))->((?xY->A)->((?xY->(A->W))->(?xY->W))))->(((?xY->(A->W))->(((?xY->A)->((?xY->(A->W))->(?xY->W)))->(A->((?xY->A)->((?xY->(A->W))->(?xY->W))))))->((?xY->(A->W))->(A->((?xY->A)->((?xY->(A->W))->(?xY->W)))))))
(((?xY->(A->W))->(((?xY->A)->((?xY->(A->W))->(?xY->W)))->(A->((?xY->A)->((?xY->(A->W))->(?xY->W))))))->((?xY->(A->W))->(A->((?xY->A)->((?xY->(A->W))->(?xY->W))))))
((?xY->(A->W))->(A->((?xY->A)->((?xY->(A->W))->(?xY->W)))))
(((A->(?xY->A))->((A->((?xY->A)->((?xY->(A->W))->(?xY->W))))->(A->((?xY->(A->W))->(?xY->W)))))->((?xY->(A->W))->((A->(?xY->A))->((A->((?xY->A)->((?xY->(A->W))->(?xY->W))))->(A->((?xY->(A->W))->(?xY->W)))))))
((A->(?xY->A))->((A->((?xY->A)->((?xY->(A->W))->(?xY->W))))->(A->((?xY->(A->W))->(?xY->W)))))
((?xY->(A->W))->((A->(?xY->A))->((A->((?xY->A)->((?xY->(A->W))->(?xY->W))))->(A->((?xY->(A->W))->(?xY->W))))))
(((?xY->(A->W))->(A->(?xY->A)))->(((?xY->(A->W))->((A->(?xY->A))->((A->((?xY->A)->((?xY->(A->W))->(?xY->W))))->(A->((?xY->(A->W))->(?xY->W))))))->((?xY->(A->W))->((A->((?xY->A)->((?xY->(A->W))->(?xY->W))))->(A->((?xY->(A->W))->(?xY->W)))))))
(((?xY->(A->W))->((A->(?xY->A))->((A->((?xY->A)->((?xY->(A->W))->(?xY->W))))->(A->((?xY->(A->W))->(?xY->W))))))->((?xY->(A->W))->((A->((?xY->A)->((?xY->(A->W))->(?xY->W))))->(A->((?xY->(A->W))->(?xY->W))))))
((?xY->(A->W))->((A->((?xY->A)->((?xY->(A->W))->(?xY->W))))->(A->((?xY->(A->W))->(?xY->W)))))
(((?xY->(A->W))->(A->((?xY->A)->((?xY->(A->W))->(?xY->W)))))->(((?xY->(A->W))->((A->((?xY->A)->((?xY->(A->W))->(?xY->W))))->(A->((?xY->(A->W))->(?xY->W)))))->((?xY->(A->W))->(A->((?xY->(A->W))->(?xY->W))))))
(((?xY->(A->W))->((A->((?xY->A)->((?xY->(A->W))->(?xY->W))))->(A->((?xY->(A->W))->(?xY->W)))))->((?xY->(A->W))->(A->((?xY->(A->W))->(?xY->W)))))
((?xY->(A->W))->(A->((?xY->(A->W))->(?xY->W))))
(((A->(?xY->(A->W)))->((A->((?xY->(A->W))->(?xY->W)))->(A->(?xY->W))))->((?xY->(A->W))->((A->(?xY->(A->W)))->((A->((?xY->(A->W))->(?xY->W)))->(A->(?xY->W))))))
((A->(?xY->(A->W)))->((A->((?xY->(A->W))->(?xY->W)))->(A->(?xY->W))))
((?xY->(A->W))->((A->(?xY->(A->W)))->((A->((?xY->(A->W))->(?xY->W)))->(A->(?xY->W)))))
(((?xY->(A->W))->(A->(?xY->(A->W))))->(((?xY->(A->W))->((A->(?xY->(A->W)))->((A->((?xY->(A->W))->(?xY->W)))->(A->(?xY->W)))))->((?xY->(A->W))->((A->((?xY->(A->W))->(?xY->W)))->(A->(?xY->W))))))
(((?xY->(A->W))->((A->(?xY->(A->W)))->((A->((?xY->(A->W))->(?xY->W)))->(A->(?xY->W)))))->((?xY->(A->W))->((A->((?xY->(A->W))->(?xY->W)))->(A->(?xY->W)))))
((?xY->(A->W))->((A->((?xY->(A->W))->(?xY->W)))->(A->(?xY->W))))
(((?xY->(A->W))->(A->((?xY->(A->W))->(?xY->W))))->(((?xY->(A->W))->((A->((?xY->(A->W))->(?xY->W)))->(A->(?xY->W))))->((?xY->(A->W))->(A->(?xY->W)))))
(((?xY->(A->W))->((A->((?xY->(A->W))->(?xY->W)))->(A->(?xY->W))))->((?xY->(A->W))->(A->(?xY->W))))
((?xY->(A->W))->(A->(?xY->W)))
