A->Y->W,Y,A|-W
A
Y
A->Y->W
Y->W
W

|-((A->(Y->W))->(Y->(A->W)))
(((A->((A->A)->A))->(Y->(A->((A->A)->A))))->((A->(Y->W))->((A->((A->A)->A))->(Y->(A->((A->A)->A))))))
((A->((A->A)->A))->(Y->(A->((A->A)->A))))
((A->(Y->W))->((A->((A->A)->A))->(Y->(A->((A->A)->A)))))
((A->((A->A)->A))->((A->(Y->W))->(A->((A->A)->A))))
(A->((A->A)->A))
((A->(Y->W))->(A->((A->A)->A)))
(((A->(Y->W))->(A->((A->A)->A)))->(((A->(Y->W))->((A->((A->A)->A))->(Y->(A->((A->A)->A)))))->((A->(Y->W))->(Y->(A->((A->A)->A))))))
(((A->(Y->W))->((A->((A->A)->A))->(Y->(A->((A->A)->A)))))->((A->(Y->W))->(Y->(A->((A->A)->A)))))
((A->(Y->W))->(Y->(A->((A->A)->A))))
(((A->(A->A))->(Y->(A->(A->A))))->((A->(Y->W))->((A->(A->A))->(Y->(A->(A->A))))))
((A->(A->A))->(Y->(A->(A->A))))
((A->(Y->W))->((A->(A->A))->(Y->(A->(A->A)))))
((A->(A->A))->((A->(Y->W))->(A->(A->A))))
(A->(A->A))
((A->(Y->W))->(A->(A->A)))
(((A->(Y->W))->(A->(A->A)))->(((A->(Y->W))->((A->(A->A))->(Y->(A->(A->A)))))->((A->(Y->W))->(Y->(A->(A->A))))))
(((A->(Y->W))->((A->(A->A))->(Y->(A->(A->A)))))->((A->(Y->W))->(Y->(A->(A->A)))))
((A->(Y->W))->(Y->(A->(A->A))))
((((A->(A->A))->((A->((A->A)->A))->(A->A)))->(Y->((A->(A->A))->((A->((A->A)->A))->(A->A)))))->((A->(Y->W))->(((A->(A->A))->((A->((A->A)->A))->(A->A)))->(Y->((A->(A->A))->((A->((A->A)->A))->(A->A)))))))
(((A->(A->A))->((A->((A->A)->A))->(A->A)))->(Y->((A->(A->A))->((A->((A->A)->A))->(A->A)))))
((A->(Y->W))->(((A->(A->A))->((A->((A->A)->A))->(A->A)))->(Y->((A->(A->A))->((A->((A->A)->A))->(A->A))))))
(((A->(A->A))->((A->((A->A)->A))->(A->A)))->((A->(Y->W))->((A->(A->A))->((A->((A->A)->A))->(A->A)))))
((A->(A->A))->((A->((A->A)->A))->(A->A)))
((A->(Y->W))->((A->(A->A))->((A->((A->A)->A))->(A->A))))
(((A->(Y->W))->((A->(A->A))->((A->((A->A)->A))->(A->A))))->(((A->(Y->W))->(((A->(A->A))->((A->((A->A)->A))->(A->A)))->(Y->((A->(A->A))->((A->((A->A)->A))->(A->A))))))->((A->(Y->W))->(Y->((A->(A->A))->((A->((A->A)->A))->(A->A)))))))
(((A->(Y->W))->(((A->(A->A))->((A->((A->A)->A))->(A->A)))->(Y->((A->(A->A))->((A->((A->A)->A))->(A->A))))))->((A->(Y->W))->(Y->((A->(A->A))->((A->((A->A)->A))->(A->A))))))
((A->(Y->W))->(Y->((A->(A->A))->((A->((A->A)->A))->(A->A)))))
(((Y->(A->(A->A)))->((Y->((A->(A->A))->((A->((A->A)->A))->(A->A))))->(Y->((A->((A->A)->A))->(A->A)))))->((A->(Y->W))->((Y->(A->(A->A)))->((Y->((A->(A->A))->((A->((A->A)->A))->(A->A))))->(Y->((A->((A->A)->A))->(A->A)))))))
((Y->(A->(A->A)))->((Y->((A->(A->A))->((A->((A->A)->A))->(A->A))))->(Y->((A->((A->A)->A))->(A->A)))))
((A->(Y->W))->((Y->(A->(A->A)))->((Y->((A->(A->A))->((A->((A->A)->A))->(A->A))))->(Y->((A->((A->A)->A))->(A->A))))))
(((A->(Y->W))->(Y->(A->(A->A))))->(((A->(Y->W))->((Y->(A->(A->A)))->((Y->((A->(A->A))->((A->((A->A)->A))->(A->A))))->(Y->((A->((A->A)->A))->(A->A))))))->((A->(Y->W))->((Y->((A->(A->A))->((A->((A->A)->A))->(A->A))))->(Y->((A->((A->A)->A))->(A->A)))))))
(((A->(Y->W))->((Y->(A->(A->A)))->((Y->((A->(A->A))->((A->((A->A)->A))->(A->A))))->(Y->((A->((A->A)->A))->(A->A))))))->((A->(Y->W))->((Y->((A->(A->A))->((A->((A->A)->A))->(A->A))))->(Y->((A->((A->A)->A))->(A->A))))))
((A->(Y->W))->((Y->((A->(A->A))->((A->((A->A)->A))->(A->A))))->(Y->((A->((A->A)->A))->(A->A)))))
(((A->(Y->W))->(Y->((A->(A->A))->((A->((A->A)->A))->(A->A)))))->(((A->(Y->W))->((Y->((A->(A->A))->((A->((A->A)->A))->(A->A))))->(Y->((A->((A->A)->A))->(A->A)))))->((A->(Y->W))->(Y->((A->((A->A)->A))->(A->A))))))
(((A->(Y->W))->((Y->((A->(A->A))->((A->((A->A)->A))->(A->A))))->(Y->((A->((A->A)->A))->(A->A)))))->((A->(Y->W))->(Y->((A->((A->A)->A))->(A->A)))))
((A->(Y->W))->(Y->((A->((A->A)->A))->(A->A))))
(((Y->(A->((A->A)->A)))->((Y->((A->((A->A)->A))->(A->A)))->(Y->(A->A))))->((A->(Y->W))->((Y->(A->((A->A)->A)))->((Y->((A->((A->A)->A))->(A->A)))->(Y->(A->A))))))
((Y->(A->((A->A)->A)))->((Y->((A->((A->A)->A))->(A->A)))->(Y->(A->A))))
((A->(Y->W))->((Y->(A->((A->A)->A)))->((Y->((A->((A->A)->A))->(A->A)))->(Y->(A->A)))))
(((A->(Y->W))->(Y->(A->((A->A)->A))))->(((A->(Y->W))->((Y->(A->((A->A)->A)))->((Y->((A->((A->A)->A))->(A->A)))->(Y->(A->A)))))->((A->(Y->W))->((Y->((A->((A->A)->A))->(A->A)))->(Y->(A->A))))))
(((A->(Y->W))->((Y->(A->((A->A)->A)))->((Y->((A->((A->A)->A))->(A->A)))->(Y->(A->A)))))->((A->(Y->W))->((Y->((A->((A->A)->A))->(A->A)))->(Y->(A->A)))))
((A->(Y->W))->((Y->((A->((A->A)->A))->(A->A)))->(Y->(A->A))))
(((A->(Y->W))->(Y->((A->((A->A)->A))->(A->A))))->(((A->(Y->W))->((Y->((A->((A->A)->A))->(A->A)))->(Y->(A->A))))->((A->(Y->W))->(Y->(A->A)))))
(((A->(Y->W))->((Y->((A->((A->A)->A))->(A->A)))->(Y->(A->A))))->((A->(Y->W))->(Y->(A->A))))
((A->(Y->W))->(Y->(A->A)))
(((Y->(A->Y))->(Y->(Y->(A->Y))))->((A->(Y->W))->((Y->(A->Y))->(Y->(Y->(A->Y))))))
((Y->(A->Y))->(Y->(Y->(A->Y))))
((A->(Y->W))->((Y->(A->Y))->(Y->(Y->(A->Y)))))
((Y->(A->Y))->((A->(Y->W))->(Y->(A->Y))))
(Y->(A->Y))
((A->(Y->W))->(Y->(A->Y)))
(((A->(Y->W))->(Y->(A->Y)))->(((A->(Y->W))->((Y->(A->Y))->(Y->(Y->(A->Y)))))->((A->(Y->W))->(Y->(Y->(A->Y))))))
(((A->(Y->W))->((Y->(A->Y))->(Y->(Y->(A->Y)))))->((A->(Y->W))->(Y->(Y->(A->Y)))))
((A->(Y->W))->(Y->(Y->(A->Y))))
((Y->((Y->Y)->Y))->((A->(Y->W))->(Y->((Y->Y)->Y))))
(Y->((Y->Y)->Y))
((A->(Y->W))->(Y->((Y->Y)->Y)))
((Y->(Y->Y))->((A->(Y->W))->(Y->(Y->Y))))
(Y->(Y->Y))
((A->(Y->W))->(Y->(Y->Y)))
(((Y->(Y->Y))->((Y->((Y->Y)->Y))->(Y->Y)))->((A->(Y->W))->((Y->(Y->Y))->((Y->((Y->Y)->Y))->(Y->Y)))))
((Y->(Y->Y))->((Y->((Y->Y)->Y))->(Y->Y)))
((A->(Y->W))->((Y->(Y->Y))->((Y->((Y->Y)->Y))->(Y->Y))))
(((A->(Y->W))->(Y->(Y->Y)))->(((A->(Y->W))->((Y->(Y->Y))->((Y->((Y->Y)->Y))->(Y->Y))))->((A->(Y->W))->((Y->((Y->Y)->Y))->(Y->Y)))))
(((A->(Y->W))->((Y->(Y->Y))->((Y->((Y->Y)->Y))->(Y->Y))))->((A->(Y->W))->((Y->((Y->Y)->Y))->(Y->Y))))
((A->(Y->W))->((Y->((Y->Y)->Y))->(Y->Y)))
(((A->(Y->W))->(Y->((Y->Y)->Y)))->(((A->(Y->W))->((Y->((Y->Y)->Y))->(Y->Y)))->((A->(Y->W))->(Y->Y))))
(((A->(Y->W))->((Y->((Y->Y)->Y))->(Y->Y)))->((A->(Y->W))->(Y->Y)))
((A->(Y->W))->(Y->Y))
(((Y->Y)->((Y->(Y->(A->Y)))->(Y->(A->Y))))->((A->(Y->W))->((Y->Y)->((Y->(Y->(A->Y)))->(Y->(A->Y))))))
((Y->Y)->((Y->(Y->(A->Y)))->(Y->(A->Y))))
((A->(Y->W))->((Y->Y)->((Y->(Y->(A->Y)))->(Y->(A->Y)))))
(((A->(Y->W))->(Y->Y))->(((A->(Y->W))->((Y->Y)->((Y->(Y->(A->Y)))->(Y->(A->Y)))))->((A->(Y->W))->((Y->(Y->(A->Y)))->(Y->(A->Y))))))
(((A->(Y->W))->((Y->Y)->((Y->(Y->(A->Y)))->(Y->(A->Y)))))->((A->(Y->W))->((Y->(Y->(A->Y)))->(Y->(A->Y)))))
((A->(Y->W))->((Y->(Y->(A->Y)))->(Y->(A->Y))))
((Y->(A->Y))->((A->(Y->W))->(Y->(A->Y))))
(Y->(A->Y))
((A->(Y->W))->(Y->(A->Y)))
((((A->(Y->W))->(A->(A->(Y->W))))->(Y->((A->(Y->W))->(A->(A->(Y->W))))))->((A->(Y->W))->(((A->(Y->W))->(A->(A->(Y->W))))->(Y->((A->(Y->W))->(A->(A->(Y->W))))))))
(((A->(Y->W))->(A->(A->(Y->W))))->(Y->((A->(Y->W))->(A->(A->(Y->W))))))
((A->(Y->W))->(((A->(Y->W))->(A->(A->(Y->W))))->(Y->((A->(Y->W))->(A->(A->(Y->W)))))))
(((A->(Y->W))->(A->(A->(Y->W))))->((A->(Y->W))->((A->(Y->W))->(A->(A->(Y->W))))))
((A->(Y->W))->(A->(A->(Y->W))))
((A->(Y->W))->((A->(Y->W))->(A->(A->(Y->W)))))
(((A->(Y->W))->((A->(Y->W))->(A->(A->(Y->W)))))->(((A->(Y->W))->(((A->(Y->W))->(A->(A->(Y->W))))->(Y->((A->(Y->W))->(A->(A->(Y->W)))))))->((A->(Y->W))->(Y->((A->(Y->W))->(A->(A->(Y->W))))))))
(((A->(Y->W))->(((A->(Y->W))->(A->(A->(Y->W))))->(Y->((A->(Y->W))->(A->(A->(Y->W)))))))->((A->(Y->W))->(Y->((A->(Y->W))->(A->(A->(Y->W)))))))
((A->(Y->W))->(Y->((A->(Y->W))->(A->(A->(Y->W))))))
(((A->(Y->W))->(Y->(A->(Y->W))))->((A->(Y->W))->((A->(Y->W))->(Y->(A->(Y->W))))))
((A->(Y->W))->(Y->(A->(Y->W))))
((A->(Y->W))->((A->(Y->W))->(Y->(A->(Y->W)))))
((A->(Y->W))->(((A->(Y->W))->(A->(Y->W)))->(A->(Y->W))))
((A->(Y->W))->((A->(Y->W))->(A->(Y->W))))
(((A->(Y->W))->((A->(Y->W))->(A->(Y->W))))->(((A->(Y->W))->(((A->(Y->W))->(A->(Y->W)))->(A->(Y->W))))->((A->(Y->W))->(A->(Y->W)))))
(((A->(Y->W))->(((A->(Y->W))->(A->(Y->W)))->(A->(Y->W))))->((A->(Y->W))->(A->(Y->W))))
((A->(Y->W))->(A->(Y->W)))
(((A->(Y->W))->(A->(Y->W)))->(((A->(Y->W))->((A->(Y->W))->(Y->(A->(Y->W)))))->((A->(Y->W))->(Y->(A->(Y->W))))))
(((A->(Y->W))->((A->(Y->W))->(Y->(A->(Y->W)))))->((A->(Y->W))->(Y->(A->(Y->W)))))
((A->(Y->W))->(Y->(A->(Y->W))))
(((Y->(A->(Y->W)))->((Y->((A->(Y->W))->(A->(A->(Y->W)))))->(Y->(A->(A->(Y->W))))))->((A->(Y->W))->((Y->(A->(Y->W)))->((Y->((A->(Y->W))->(A->(A->(Y->W)))))->(Y->(A->(A->(Y->W))))))))
((Y->(A->(Y->W)))->((Y->((A->(Y->W))->(A->(A->(Y->W)))))->(Y->(A->(A->(Y->W))))))
((A->(Y->W))->((Y->(A->(Y->W)))->((Y->((A->(Y->W))->(A->(A->(Y->W)))))->(Y->(A->(A->(Y->W)))))))
(((A->(Y->W))->(Y->(A->(Y->W))))->(((A->(Y->W))->((Y->(A->(Y->W)))->((Y->((A->(Y->W))->(A->(A->(Y->W)))))->(Y->(A->(A->(Y->W)))))))->((A->(Y->W))->((Y->((A->(Y->W))->(A->(A->(Y->W)))))->(Y->(A->(A->(Y->W))))))))
(((A->(Y->W))->((Y->(A->(Y->W)))->((Y->((A->(Y->W))->(A->(A->(Y->W)))))->(Y->(A->(A->(Y->W)))))))->((A->(Y->W))->((Y->((A->(Y->W))->(A->(A->(Y->W)))))->(Y->(A->(A->(Y->W)))))))
((A->(Y->W))->((Y->((A->(Y->W))->(A->(A->(Y->W)))))->(Y->(A->(A->(Y->W))))))
(((A->(Y->W))->(Y->((A->(Y->W))->(A->(A->(Y->W))))))->(((A->(Y->W))->((Y->((A->(Y->W))->(A->(A->(Y->W)))))->(Y->(A->(A->(Y->W))))))->((A->(Y->W))->(Y->(A->(A->(Y->W)))))))
(((A->(Y->W))->((Y->((A->(Y->W))->(A->(A->(Y->W)))))->(Y->(A->(A->(Y->W))))))->((A->(Y->W))->(Y->(A->(A->(Y->W))))))
((A->(Y->W))->(Y->(A->(A->(Y->W)))))
((((A->A)->((A->(A->(Y->W)))->(A->(Y->W))))->(Y->((A->A)->((A->(A->(Y->W)))->(A->(Y->W))))))->((A->(Y->W))->(((A->A)->((A->(A->(Y->W)))->(A->(Y->W))))->(Y->((A->A)->((A->(A->(Y->W)))->(A->(Y->W))))))))
(((A->A)->((A->(A->(Y->W)))->(A->(Y->W))))->(Y->((A->A)->((A->(A->(Y->W)))->(A->(Y->W))))))
((A->(Y->W))->(((A->A)->((A->(A->(Y->W)))->(A->(Y->W))))->(Y->((A->A)->((A->(A->(Y->W)))->(A->(Y->W)))))))
(((A->A)->((A->(A->(Y->W)))->(A->(Y->W))))->((A->(Y->W))->((A->A)->((A->(A->(Y->W)))->(A->(Y->W))))))
((A->A)->((A->(A->(Y->W)))->(A->(Y->W))))
((A->(Y->W))->((A->A)->((A->(A->(Y->W)))->(A->(Y->W)))))
(((A->(Y->W))->((A->A)->((A->(A->(Y->W)))->(A->(Y->W)))))->(((A->(Y->W))->(((A->A)->((A->(A->(Y->W)))->(A->(Y->W))))->(Y->((A->A)->((A->(A->(Y->W)))->(A->(Y->W)))))))->((A->(Y->W))->(Y->((A->A)->((A->(A->(Y->W)))->(A->(Y->W))))))))
(((A->(Y->W))->(((A->A)->((A->(A->(Y->W)))->(A->(Y->W))))->(Y->((A->A)->((A->(A->(Y->W)))->(A->(Y->W)))))))->((A->(Y->W))->(Y->((A->A)->((A->(A->(Y->W)))->(A->(Y->W)))))))
((A->(Y->W))->(Y->((A->A)->((A->(A->(Y->W)))->(A->(Y->W))))))
(((Y->(A->A))->((Y->((A->A)->((A->(A->(Y->W)))->(A->(Y->W)))))->(Y->((A->(A->(Y->W)))->(A->(Y->W))))))->((A->(Y->W))->((Y->(A->A))->((Y->((A->A)->((A->(A->(Y->W)))->(A->(Y->W)))))->(Y->((A->(A->(Y->W)))->(A->(Y->W))))))))
((Y->(A->A))->((Y->((A->A)->((A->(A->(Y->W)))->(A->(Y->W)))))->(Y->((A->(A->(Y->W)))->(A->(Y->W))))))
((A->(Y->W))->((Y->(A->A))->((Y->((A->A)->((A->(A->(Y->W)))->(A->(Y->W)))))->(Y->((A->(A->(Y->W)))->(A->(Y->W)))))))
(((A->(Y->W))->(Y->(A->A)))->(((A->(Y->W))->((Y->(A->A))->((Y->((A->A)->((A->(A->(Y->W)))->(A->(Y->W)))))->(Y->((A->(A->(Y->W)))->(A->(Y->W)))))))->((A->(Y->W))->((Y->((A->A)->((A->(A->(Y->W)))->(A->(Y->W)))))->(Y->((A->(A->(Y->W)))->(A->(Y->W))))))))
(((A->(Y->W))->((Y->(A->A))->((Y->((A->A)->((A->(A->(Y->W)))->(A->(Y->W)))))->(Y->((A->(A->(Y->W)))->(A->(Y->W)))))))->((A->(Y->W))->((Y->((A->A)->((A->(A->(Y->W)))->(A->(Y->W)))))->(Y->((A->(A->(Y->W)))->(A->(Y->W)))))))
((A->(Y->W))->((Y->((A->A)->((A->(A->(Y->W)))->(A->(Y->W)))))->(Y->((A->(A->(Y->W)))->(A->(Y->W))))))
(((A->(Y->W))->(Y->((A->A)->((A->(A->(Y->W)))->(A->(Y->W))))))->(((A->(Y->W))->((Y->((A->A)->((A->(A->(Y->W)))->(A->(Y->W)))))->(Y->((A->(A->(Y->W)))->(A->(Y->W))))))->((A->(Y->W))->(Y->((A->(A->(Y->W)))->(A->(Y->W)))))))
(((A->(Y->W))->((Y->((A->A)->((A->(A->(Y->W)))->(A->(Y->W)))))->(Y->((A->(A->(Y->W)))->(A->(Y->W))))))->((A->(Y->W))->(Y->((A->(A->(Y->W)))->(A->(Y->W))))))
((A->(Y->W))->(Y->((A->(A->(Y->W)))->(A->(Y->W)))))
(((A->(Y->W))->(Y->(A->(Y->W))))->((A->(Y->W))->((A->(Y->W))->(Y->(A->(Y->W))))))
((A->(Y->W))->(Y->(A->(Y->W))))
((A->(Y->W))->((A->(Y->W))->(Y->(A->(Y->W)))))
((A->(Y->W))->(((A->(Y->W))->(A->(Y->W)))->(A->(Y->W))))
((A->(Y->W))->((A->(Y->W))->(A->(Y->W))))
(((A->(Y->W))->((A->(Y->W))->(A->(Y->W))))->(((A->(Y->W))->(((A->(Y->W))->(A->(Y->W)))->(A->(Y->W))))->((A->(Y->W))->(A->(Y->W)))))
(((A->(Y->W))->(((A->(Y->W))->(A->(Y->W)))->(A->(Y->W))))->((A->(Y->W))->(A->(Y->W))))
((A->(Y->W))->(A->(Y->W)))
(((A->(Y->W))->(A->(Y->W)))->(((A->(Y->W))->((A->(Y->W))->(Y->(A->(Y->W)))))->((A->(Y->W))->(Y->(A->(Y->W))))))
(((A->(Y->W))->((A->(Y->W))->(Y->(A->(Y->W)))))->((A->(Y->W))->(Y->(A->(Y->W)))))
((A->(Y->W))->(Y->(A->(Y->W))))
((((A->Y)->((A->(Y->W))->(A->W)))->(Y->((A->Y)->((A->(Y->W))->(A->W)))))->((A->(Y->W))->(((A->Y)->((A->(Y->W))->(A->W)))->(Y->((A->Y)->((A->(Y->W))->(A->W)))))))
(((A->Y)->((A->(Y->W))->(A->W)))->(Y->((A->Y)->((A->(Y->W))->(A->W)))))
((A->(Y->W))->(((A->Y)->((A->(Y->W))->(A->W)))->(Y->((A->Y)->((A->(Y->W))->(A->W))))))
(((A->Y)->((A->(Y->W))->(A->W)))->((A->(Y->W))->((A->Y)->((A->(Y->W))->(A->W)))))
((A->Y)->((A->(Y->W))->(A->W)))
((A->(Y->W))->((A->Y)->((A->(Y->W))->(A->W))))
(((A->(Y->W))->((A->Y)->((A->(Y->W))->(A->W))))->(((A->(Y->W))->(((A->Y)->((A->(Y->W))->(A->W)))->(Y->((A->Y)->((A->(Y->W))->(A->W))))))->((A->(Y->W))->(Y->((A->Y)->((A->(Y->W))->(A->W)))))))
(((A->(Y->W))->(((A->Y)->((A->(Y->W))->(A->W)))->(Y->((A->Y)->((A->(Y->W))->(A->W))))))->((A->(Y->W))->(Y->((A->Y)->((A->(Y->W))->(A->W))))))
((A->(Y->W))->(Y->((A->Y)->((A->(Y->W))->(A->W)))))
(((Y->(A->Y))->((Y->((A->Y)->((A->(Y->W))->(A->W))))->(Y->((A->(Y->W))->(A->W)))))->((A->(Y->W))->((Y->(A->Y))->((Y->((A->Y)->((A->(Y->W))->(A->W))))->(Y->((A->(Y->W))->(A->W)))))))
((Y->(A->Y))->((Y->((A->Y)->((A->(Y->W))->(A->W))))->(Y->((A->(Y->W))->(A->W)))))
((A->(Y->W))->((Y->(A->Y))->((Y->((A->Y)->((A->(Y->W))->(A->W))))->(Y->((A->(Y->W))->(A->W))))))
(((A->(Y->W))->(Y->(A->Y)))->(((A->(Y->W))->((Y->(A->Y))->((Y->((A->Y)->((A->(Y->W))->(A->W))))->(Y->((A->(Y->W))->(A->W))))))->((A->(Y->W))->((Y->((A->Y)->((A->(Y->W))->(A->W))))->(Y->((A->(Y->W))->(A->W)))))))
(((A->(Y->W))->((Y->(A->Y))->((Y->((A->Y)->((A->(Y->W))->(A->W))))->(Y->((A->(Y->W))->(A->W))))))->((A->(Y->W))->((Y->((A->Y)->((A->(Y->W))->(A->W))))->(Y->((A->(Y->W))->(A->W))))))
((A->(Y->W))->((Y->((A->Y)->((A->(Y->W))->(A->W))))->(Y->((A->(Y->W))->(A->W)))))
(((A->(Y->W))->(Y->((A->Y)->((A->(Y->W))->(A->W)))))->(((A->(Y->W))->((Y->((A->Y)->((A->(Y->W))->(A->W))))->(Y->((A->(Y->W))->(A->W)))))->((A->(Y->W))->(Y->((A->(Y->W))->(A->W))))))
(((A->(Y->W))->((Y->((A->Y)->((A->(Y->W))->(A->W))))->(Y->((A->(Y->W))->(A->W)))))->((A->(Y->W))->(Y->((A->(Y->W))->(A->W)))))
((A->(Y->W))->(Y->((A->(Y->W))->(A->W))))
(((Y->(A->(Y->W)))->((Y->((A->(Y->W))->(A->W)))->(Y->(A->W))))->((A->(Y->W))->((Y->(A->(Y->W)))->((Y->((A->(Y->W))->(A->W)))->(Y->(A->W))))))
((Y->(A->(Y->W)))->((Y->((A->(Y->W))->(A->W)))->(Y->(A->W))))
((A->(Y->W))->((Y->(A->(Y->W)))->((Y->((A->(Y->W))->(A->W)))->(Y->(A->W)))))
(((A->(Y->W))->(Y->(A->(Y->W))))->(((A->(Y->W))->((Y->(A->(Y->W)))->((Y->((A->(Y->W))->(A->W)))->(Y->(A->W)))))->((A->(Y->W))->((Y->((A->(Y->W))->(A->W)))->(Y->(A->W))))))
(((A->(Y->W))->((Y->(A->(Y->W)))->((Y->((A->(Y->W))->(A->W)))->(Y->(A->W)))))->((A->(Y->W))->((Y->((A->(Y->W))->(A->W)))->(Y->(A->W)))))
((A->(Y->W))->((Y->((A->(Y->W))->(A->W)))->(Y->(A->W))))
(((A->(Y->W))->(Y->((A->(Y->W))->(A->W))))->(((A->(Y->W))->((Y->((A->(Y->W))->(A->W)))->(Y->(A->W))))->((A->(Y->W))->(Y->(A->W)))))
(((A->(Y->W))->((Y->((A->(Y->W))->(A->W)))->(Y->(A->W))))->((A->(Y->W))->(Y->(A->W))))
((A->(Y->W))->(Y->(A->W)))

Y->A->W MP
?xY->A->W BN1


?xY->A->W,A,?xY|-W
?xY->A->W
A
?xY
A->W
W

|-((?xY->(A->W))->(A->(?xY->W)))
((((?xY->(A->W))->(?xY->(?xY->(A->W))))->(A->((?xY->(A->W))->(?xY->(?xY->(A->W))))))->((?xY->(A->W))->(((?xY->(A->W))->(?xY->(?xY->(A->W))))->(A->((?xY->(A->W))->(?xY->(?xY->(A->W))))))))
(((?xY->(A->W))->(?xY->(?xY->(A->W))))->(A->((?xY->(A->W))->(?xY->(?xY->(A->W))))))
((?xY->(A->W))->(((?xY->(A->W))->(?xY->(?xY->(A->W))))->(A->((?xY->(A->W))->(?xY->(?xY->(A->W)))))))
(((?xY->(A->W))->(?xY->(?xY->(A->W))))->((?xY->(A->W))->((?xY->(A->W))->(?xY->(?xY->(A->W))))))
((?xY->(A->W))->(?xY->(?xY->(A->W))))
((?xY->(A->W))->((?xY->(A->W))->(?xY->(?xY->(A->W)))))
(((?xY->(A->W))->((?xY->(A->W))->(?xY->(?xY->(A->W)))))->(((?xY->(A->W))->(((?xY->(A->W))->(?xY->(?xY->(A->W))))->(A->((?xY->(A->W))->(?xY->(?xY->(A->W)))))))->((?xY->(A->W))->(A->((?xY->(A->W))->(?xY->(?xY->(A->W))))))))
(((?xY->(A->W))->(((?xY->(A->W))->(?xY->(?xY->(A->W))))->(A->((?xY->(A->W))->(?xY->(?xY->(A->W)))))))->((?xY->(A->W))->(A->((?xY->(A->W))->(?xY->(?xY->(A->W)))))))
((?xY->(A->W))->(A->((?xY->(A->W))->(?xY->(?xY->(A->W))))))
(((?xY->(A->W))->(A->(?xY->(A->W))))->((?xY->(A->W))->((?xY->(A->W))->(A->(?xY->(A->W))))))
((?xY->(A->W))->(A->(?xY->(A->W))))
((?xY->(A->W))->((?xY->(A->W))->(A->(?xY->(A->W)))))
((?xY->(A->W))->(((?xY->(A->W))->(?xY->(A->W)))->(?xY->(A->W))))
((?xY->(A->W))->((?xY->(A->W))->(?xY->(A->W))))
(((?xY->(A->W))->((?xY->(A->W))->(?xY->(A->W))))->(((?xY->(A->W))->(((?xY->(A->W))->(?xY->(A->W)))->(?xY->(A->W))))->((?xY->(A->W))->(?xY->(A->W)))))
(((?xY->(A->W))->(((?xY->(A->W))->(?xY->(A->W)))->(?xY->(A->W))))->((?xY->(A->W))->(?xY->(A->W))))
((?xY->(A->W))->(?xY->(A->W)))
(((?xY->(A->W))->(?xY->(A->W)))->(((?xY->(A->W))->((?xY->(A->W))->(A->(?xY->(A->W)))))->((?xY->(A->W))->(A->(?xY->(A->W))))))
(((?xY->(A->W))->((?xY->(A->W))->(A->(?xY->(A->W)))))->((?xY->(A->W))->(A->(?xY->(A->W)))))
((?xY->(A->W))->(A->(?xY->(A->W))))
(((A->(?xY->(A->W)))->((A->((?xY->(A->W))->(?xY->(?xY->(A->W)))))->(A->(?xY->(?xY->(A->W))))))->((?xY->(A->W))->((A->(?xY->(A->W)))->((A->((?xY->(A->W))->(?xY->(?xY->(A->W)))))->(A->(?xY->(?xY->(A->W))))))))
((A->(?xY->(A->W)))->((A->((?xY->(A->W))->(?xY->(?xY->(A->W)))))->(A->(?xY->(?xY->(A->W))))))
((?xY->(A->W))->((A->(?xY->(A->W)))->((A->((?xY->(A->W))->(?xY->(?xY->(A->W)))))->(A->(?xY->(?xY->(A->W)))))))
(((?xY->(A->W))->(A->(?xY->(A->W))))->(((?xY->(A->W))->((A->(?xY->(A->W)))->((A->((?xY->(A->W))->(?xY->(?xY->(A->W)))))->(A->(?xY->(?xY->(A->W)))))))->((?xY->(A->W))->((A->((?xY->(A->W))->(?xY->(?xY->(A->W)))))->(A->(?xY->(?xY->(A->W))))))))
(((?xY->(A->W))->((A->(?xY->(A->W)))->((A->((?xY->(A->W))->(?xY->(?xY->(A->W)))))->(A->(?xY->(?xY->(A->W)))))))->((?xY->(A->W))->((A->((?xY->(A->W))->(?xY->(?xY->(A->W)))))->(A->(?xY->(?xY->(A->W)))))))
((?xY->(A->W))->((A->((?xY->(A->W))->(?xY->(?xY->(A->W)))))->(A->(?xY->(?xY->(A->W))))))
(((?xY->(A->W))->(A->((?xY->(A->W))->(?xY->(?xY->(A->W))))))->(((?xY->(A->W))->((A->((?xY->(A->W))->(?xY->(?xY->(A->W)))))->(A->(?xY->(?xY->(A->W))))))->((?xY->(A->W))->(A->(?xY->(?xY->(A->W)))))))
(((?xY->(A->W))->((A->((?xY->(A->W))->(?xY->(?xY->(A->W)))))->(A->(?xY->(?xY->(A->W))))))->((?xY->(A->W))->(A->(?xY->(?xY->(A->W))))))
((?xY->(A->W))->(A->(?xY->(?xY->(A->W)))))
(((A->(?xY->A))->(A->(A->(?xY->A))))->((?xY->(A->W))->((A->(?xY->A))->(A->(A->(?xY->A))))))
((A->(?xY->A))->(A->(A->(?xY->A))))
((?xY->(A->W))->((A->(?xY->A))->(A->(A->(?xY->A)))))
((A->(?xY->A))->((?xY->(A->W))->(A->(?xY->A))))
(A->(?xY->A))
((?xY->(A->W))->(A->(?xY->A)))
(((?xY->(A->W))->(A->(?xY->A)))->(((?xY->(A->W))->((A->(?xY->A))->(A->(A->(?xY->A)))))->((?xY->(A->W))->(A->(A->(?xY->A))))))
(((?xY->(A->W))->((A->(?xY->A))->(A->(A->(?xY->A)))))->((?xY->(A->W))->(A->(A->(?xY->A)))))
((?xY->(A->W))->(A->(A->(?xY->A))))
((A->((A->A)->A))->((?xY->(A->W))->(A->((A->A)->A))))
(A->((A->A)->A))
((?xY->(A->W))->(A->((A->A)->A)))
((A->(A->A))->((?xY->(A->W))->(A->(A->A))))
(A->(A->A))
((?xY->(A->W))->(A->(A->A)))
(((A->(A->A))->((A->((A->A)->A))->(A->A)))->((?xY->(A->W))->((A->(A->A))->((A->((A->A)->A))->(A->A)))))
((A->(A->A))->((A->((A->A)->A))->(A->A)))
((?xY->(A->W))->((A->(A->A))->((A->((A->A)->A))->(A->A))))
(((?xY->(A->W))->(A->(A->A)))->(((?xY->(A->W))->((A->(A->A))->((A->((A->A)->A))->(A->A))))->((?xY->(A->W))->((A->((A->A)->A))->(A->A)))))
(((?xY->(A->W))->((A->(A->A))->((A->((A->A)->A))->(A->A))))->((?xY->(A->W))->((A->((A->A)->A))->(A->A))))
((?xY->(A->W))->((A->((A->A)->A))->(A->A)))
(((?xY->(A->W))->(A->((A->A)->A)))->(((?xY->(A->W))->((A->((A->A)->A))->(A->A)))->((?xY->(A->W))->(A->A))))
(((?xY->(A->W))->((A->((A->A)->A))->(A->A)))->((?xY->(A->W))->(A->A)))
((?xY->(A->W))->(A->A))
(((A->A)->((A->(A->(?xY->A)))->(A->(?xY->A))))->((?xY->(A->W))->((A->A)->((A->(A->(?xY->A)))->(A->(?xY->A))))))
((A->A)->((A->(A->(?xY->A)))->(A->(?xY->A))))
((?xY->(A->W))->((A->A)->((A->(A->(?xY->A)))->(A->(?xY->A)))))
(((?xY->(A->W))->(A->A))->(((?xY->(A->W))->((A->A)->((A->(A->(?xY->A)))->(A->(?xY->A)))))->((?xY->(A->W))->((A->(A->(?xY->A)))->(A->(?xY->A))))))
(((?xY->(A->W))->((A->A)->((A->(A->(?xY->A)))->(A->(?xY->A)))))->((?xY->(A->W))->((A->(A->(?xY->A)))->(A->(?xY->A)))))
((?xY->(A->W))->((A->(A->(?xY->A)))->(A->(?xY->A))))
((A->(?xY->A))->((?xY->(A->W))->(A->(?xY->A))))
(A->(?xY->A))
((?xY->(A->W))->(A->(?xY->A)))
(((?xY->((?xY->?xY)->?xY))->(A->(?xY->((?xY->?xY)->?xY))))->((?xY->(A->W))->((?xY->((?xY->?xY)->?xY))->(A->(?xY->((?xY->?xY)->?xY))))))
((?xY->((?xY->?xY)->?xY))->(A->(?xY->((?xY->?xY)->?xY))))
((?xY->(A->W))->((?xY->((?xY->?xY)->?xY))->(A->(?xY->((?xY->?xY)->?xY)))))
((?xY->((?xY->?xY)->?xY))->((?xY->(A->W))->(?xY->((?xY->?xY)->?xY))))
(?xY->((?xY->?xY)->?xY))
((?xY->(A->W))->(?xY->((?xY->?xY)->?xY)))
(((?xY->(A->W))->(?xY->((?xY->?xY)->?xY)))->(((?xY->(A->W))->((?xY->((?xY->?xY)->?xY))->(A->(?xY->((?xY->?xY)->?xY)))))->((?xY->(A->W))->(A->(?xY->((?xY->?xY)->?xY))))))
(((?xY->(A->W))->((?xY->((?xY->?xY)->?xY))->(A->(?xY->((?xY->?xY)->?xY)))))->((?xY->(A->W))->(A->(?xY->((?xY->?xY)->?xY)))))
((?xY->(A->W))->(A->(?xY->((?xY->?xY)->?xY))))
(((?xY->(?xY->?xY))->(A->(?xY->(?xY->?xY))))->((?xY->(A->W))->((?xY->(?xY->?xY))->(A->(?xY->(?xY->?xY))))))
((?xY->(?xY->?xY))->(A->(?xY->(?xY->?xY))))
((?xY->(A->W))->((?xY->(?xY->?xY))->(A->(?xY->(?xY->?xY)))))
((?xY->(?xY->?xY))->((?xY->(A->W))->(?xY->(?xY->?xY))))
(?xY->(?xY->?xY))
((?xY->(A->W))->(?xY->(?xY->?xY)))
(((?xY->(A->W))->(?xY->(?xY->?xY)))->(((?xY->(A->W))->((?xY->(?xY->?xY))->(A->(?xY->(?xY->?xY)))))->((?xY->(A->W))->(A->(?xY->(?xY->?xY))))))
(((?xY->(A->W))->((?xY->(?xY->?xY))->(A->(?xY->(?xY->?xY)))))->((?xY->(A->W))->(A->(?xY->(?xY->?xY)))))
((?xY->(A->W))->(A->(?xY->(?xY->?xY))))
((((?xY->(?xY->?xY))->((?xY->((?xY->?xY)->?xY))->(?xY->?xY)))->(A->((?xY->(?xY->?xY))->((?xY->((?xY->?xY)->?xY))->(?xY->?xY)))))->((?xY->(A->W))->(((?xY->(?xY->?xY))->((?xY->((?xY->?xY)->?xY))->(?xY->?xY)))->(A->((?xY->(?xY->?xY))->((?xY->((?xY->?xY)->?xY))->(?xY->?xY)))))))
(((?xY->(?xY->?xY))->((?xY->((?xY->?xY)->?xY))->(?xY->?xY)))->(A->((?xY->(?xY->?xY))->((?xY->((?xY->?xY)->?xY))->(?xY->?xY)))))
((?xY->(A->W))->(((?xY->(?xY->?xY))->((?xY->((?xY->?xY)->?xY))->(?xY->?xY)))->(A->((?xY->(?xY->?xY))->((?xY->((?xY->?xY)->?xY))->(?xY->?xY))))))
(((?xY->(?xY->?xY))->((?xY->((?xY->?xY)->?xY))->(?xY->?xY)))->((?xY->(A->W))->((?xY->(?xY->?xY))->((?xY->((?xY->?xY)->?xY))->(?xY->?xY)))))
((?xY->(?xY->?xY))->((?xY->((?xY->?xY)->?xY))->(?xY->?xY)))
((?xY->(A->W))->((?xY->(?xY->?xY))->((?xY->((?xY->?xY)->?xY))->(?xY->?xY))))
(((?xY->(A->W))->((?xY->(?xY->?xY))->((?xY->((?xY->?xY)->?xY))->(?xY->?xY))))->(((?xY->(A->W))->(((?xY->(?xY->?xY))->((?xY->((?xY->?xY)->?xY))->(?xY->?xY)))->(A->((?xY->(?xY->?xY))->((?xY->((?xY->?xY)->?xY))->(?xY->?xY))))))->((?xY->(A->W))->(A->((?xY->(?xY->?xY))->((?xY->((?xY->?xY)->?xY))->(?xY->?xY)))))))
(((?xY->(A->W))->(((?xY->(?xY->?xY))->((?xY->((?xY->?xY)->?xY))->(?xY->?xY)))->(A->((?xY->(?xY->?xY))->((?xY->((?xY->?xY)->?xY))->(?xY->?xY))))))->((?xY->(A->W))->(A->((?xY->(?xY->?xY))->((?xY->((?xY->?xY)->?xY))->(?xY->?xY))))))
((?xY->(A->W))->(A->((?xY->(?xY->?xY))->((?xY->((?xY->?xY)->?xY))->(?xY->?xY)))))
(((A->(?xY->(?xY->?xY)))->((A->((?xY->(?xY->?xY))->((?xY->((?xY->?xY)->?xY))->(?xY->?xY))))->(A->((?xY->((?xY->?xY)->?xY))->(?xY->?xY)))))->((?xY->(A->W))->((A->(?xY->(?xY->?xY)))->((A->((?xY->(?xY->?xY))->((?xY->((?xY->?xY)->?xY))->(?xY->?xY))))->(A->((?xY->((?xY->?xY)->?xY))->(?xY->?xY)))))))
((A->(?xY->(?xY->?xY)))->((A->((?xY->(?xY->?xY))->((?xY->((?xY->?xY)->?xY))->(?xY->?xY))))->(A->((?xY->((?xY->?xY)->?xY))->(?xY->?xY)))))
((?xY->(A->W))->((A->(?xY->(?xY->?xY)))->((A->((?xY->(?xY->?xY))->((?xY->((?xY->?xY)->?xY))->(?xY->?xY))))->(A->((?xY->((?xY->?xY)->?xY))->(?xY->?xY))))))
(((?xY->(A->W))->(A->(?xY->(?xY->?xY))))->(((?xY->(A->W))->((A->(?xY->(?xY->?xY)))->((A->((?xY->(?xY->?xY))->((?xY->((?xY->?xY)->?xY))->(?xY->?xY))))->(A->((?xY->((?xY->?xY)->?xY))->(?xY->?xY))))))->((?xY->(A->W))->((A->((?xY->(?xY->?xY))->((?xY->((?xY->?xY)->?xY))->(?xY->?xY))))->(A->((?xY->((?xY->?xY)->?xY))->(?xY->?xY)))))))
(((?xY->(A->W))->((A->(?xY->(?xY->?xY)))->((A->((?xY->(?xY->?xY))->((?xY->((?xY->?xY)->?xY))->(?xY->?xY))))->(A->((?xY->((?xY->?xY)->?xY))->(?xY->?xY))))))->((?xY->(A->W))->((A->((?xY->(?xY->?xY))->((?xY->((?xY->?xY)->?xY))->(?xY->?xY))))->(A->((?xY->((?xY->?xY)->?xY))->(?xY->?xY))))))
((?xY->(A->W))->((A->((?xY->(?xY->?xY))->((?xY->((?xY->?xY)->?xY))->(?xY->?xY))))->(A->((?xY->((?xY->?xY)->?xY))->(?xY->?xY)))))
(((?xY->(A->W))->(A->((?xY->(?xY->?xY))->((?xY->((?xY->?xY)->?xY))->(?xY->?xY)))))->(((?xY->(A->W))->((A->((?xY->(?xY->?xY))->((?xY->((?xY->?xY)->?xY))->(?xY->?xY))))->(A->((?xY->((?xY->?xY)->?xY))->(?xY->?xY)))))->((?xY->(A->W))->(A->((?xY->((?xY->?xY)->?xY))->(?xY->?xY))))))
(((?xY->(A->W))->((A->((?xY->(?xY->?xY))->((?xY->((?xY->?xY)->?xY))->(?xY->?xY))))->(A->((?xY->((?xY->?xY)->?xY))->(?xY->?xY)))))->((?xY->(A->W))->(A->((?xY->((?xY->?xY)->?xY))->(?xY->?xY)))))
((?xY->(A->W))->(A->((?xY->((?xY->?xY)->?xY))->(?xY->?xY))))
(((A->(?xY->((?xY->?xY)->?xY)))->((A->((?xY->((?xY->?xY)->?xY))->(?xY->?xY)))->(A->(?xY->?xY))))->((?xY->(A->W))->((A->(?xY->((?xY->?xY)->?xY)))->((A->((?xY->((?xY->?xY)->?xY))->(?xY->?xY)))->(A->(?xY->?xY))))))
((A->(?xY->((?xY->?xY)->?xY)))->((A->((?xY->((?xY->?xY)->?xY))->(?xY->?xY)))->(A->(?xY->?xY))))
((?xY->(A->W))->((A->(?xY->((?xY->?xY)->?xY)))->((A->((?xY->((?xY->?xY)->?xY))->(?xY->?xY)))->(A->(?xY->?xY)))))
(((?xY->(A->W))->(A->(?xY->((?xY->?xY)->?xY))))->(((?xY->(A->W))->((A->(?xY->((?xY->?xY)->?xY)))->((A->((?xY->((?xY->?xY)->?xY))->(?xY->?xY)))->(A->(?xY->?xY)))))->((?xY->(A->W))->((A->((?xY->((?xY->?xY)->?xY))->(?xY->?xY)))->(A->(?xY->?xY))))))
(((?xY->(A->W))->((A->(?xY->((?xY->?xY)->?xY)))->((A->((?xY->((?xY->?xY)->?xY))->(?xY->?xY)))->(A->(?xY->?xY)))))->((?xY->(A->W))->((A->((?xY->((?xY->?xY)->?xY))->(?xY->?xY)))->(A->(?xY->?xY)))))
((?xY->(A->W))->((A->((?xY->((?xY->?xY)->?xY))->(?xY->?xY)))->(A->(?xY->?xY))))
(((?xY->(A->W))->(A->((?xY->((?xY->?xY)->?xY))->(?xY->?xY))))->(((?xY->(A->W))->((A->((?xY->((?xY->?xY)->?xY))->(?xY->?xY)))->(A->(?xY->?xY))))->((?xY->(A->W))->(A->(?xY->?xY)))))
(((?xY->(A->W))->((A->((?xY->((?xY->?xY)->?xY))->(?xY->?xY)))->(A->(?xY->?xY))))->((?xY->(A->W))->(A->(?xY->?xY))))
((?xY->(A->W))->(A->(?xY->?xY)))
((((?xY->?xY)->((?xY->(?xY->(A->W)))->(?xY->(A->W))))->(A->((?xY->?xY)->((?xY->(?xY->(A->W)))->(?xY->(A->W))))))->((?xY->(A->W))->(((?xY->?xY)->((?xY->(?xY->(A->W)))->(?xY->(A->W))))->(A->((?xY->?xY)->((?xY->(?xY->(A->W)))->(?xY->(A->W))))))))
(((?xY->?xY)->((?xY->(?xY->(A->W)))->(?xY->(A->W))))->(A->((?xY->?xY)->((?xY->(?xY->(A->W)))->(?xY->(A->W))))))
((?xY->(A->W))->(((?xY->?xY)->((?xY->(?xY->(A->W)))->(?xY->(A->W))))->(A->((?xY->?xY)->((?xY->(?xY->(A->W)))->(?xY->(A->W)))))))
(((?xY->?xY)->((?xY->(?xY->(A->W)))->(?xY->(A->W))))->((?xY->(A->W))->((?xY->?xY)->((?xY->(?xY->(A->W)))->(?xY->(A->W))))))
((?xY->?xY)->((?xY->(?xY->(A->W)))->(?xY->(A->W))))
((?xY->(A->W))->((?xY->?xY)->((?xY->(?xY->(A->W)))->(?xY->(A->W)))))
(((?xY->(A->W))->((?xY->?xY)->((?xY->(?xY->(A->W)))->(?xY->(A->W)))))->(((?xY->(A->W))->(((?xY->?xY)->((?xY->(?xY->(A->W)))->(?xY->(A->W))))->(A->((?xY->?xY)->((?xY->(?xY->(A->W)))->(?xY->(A->W)))))))->((?xY->(A->W))->(A->((?xY->?xY)->((?xY->(?xY->(A->W)))->(?xY->(A->W))))))))
(((?xY->(A->W))->(((?xY->?xY)->((?xY->(?xY->(A->W)))->(?xY->(A->W))))->(A->((?xY->?xY)->((?xY->(?xY->(A->W)))->(?xY->(A->W)))))))->((?xY->(A->W))->(A->((?xY->?xY)->((?xY->(?xY->(A->W)))->(?xY->(A->W)))))))
((?xY->(A->W))->(A->((?xY->?xY)->((?xY->(?xY->(A->W)))->(?xY->(A->W))))))
(((A->(?xY->?xY))->((A->((?xY->?xY)->((?xY->(?xY->(A->W)))->(?xY->(A->W)))))->(A->((?xY->(?xY->(A->W)))->(?xY->(A->W))))))->((?xY->(A->W))->((A->(?xY->?xY))->((A->((?xY->?xY)->((?xY->(?xY->(A->W)))->(?xY->(A->W)))))->(A->((?xY->(?xY->(A->W)))->(?xY->(A->W))))))))
((A->(?xY->?xY))->((A->((?xY->?xY)->((?xY->(?xY->(A->W)))->(?xY->(A->W)))))->(A->((?xY->(?xY->(A->W)))->(?xY->(A->W))))))
((?xY->(A->W))->((A->(?xY->?xY))->((A->((?xY->?xY)->((?xY->(?xY->(A->W)))->(?xY->(A->W)))))->(A->((?xY->(?xY->(A->W)))->(?xY->(A->W)))))))
(((?xY->(A->W))->(A->(?xY->?xY)))->(((?xY->(A->W))->((A->(?xY->?xY))->((A->((?xY->?xY)->((?xY->(?xY->(A->W)))->(?xY->(A->W)))))->(A->((?xY->(?xY->(A->W)))->(?xY->(A->W)))))))->((?xY->(A->W))->((A->((?xY->?xY)->((?xY->(?xY->(A->W)))->(?xY->(A->W)))))->(A->((?xY->(?xY->(A->W)))->(?xY->(A->W))))))))
(((?xY->(A->W))->((A->(?xY->?xY))->((A->((?xY->?xY)->((?xY->(?xY->(A->W)))->(?xY->(A->W)))))->(A->((?xY->(?xY->(A->W)))->(?xY->(A->W)))))))->((?xY->(A->W))->((A->((?xY->?xY)->((?xY->(?xY->(A->W)))->(?xY->(A->W)))))->(A->((?xY->(?xY->(A->W)))->(?xY->(A->W)))))))
((?xY->(A->W))->((A->((?xY->?xY)->((?xY->(?xY->(A->W)))->(?xY->(A->W)))))->(A->((?xY->(?xY->(A->W)))->(?xY->(A->W))))))
(((?xY->(A->W))->(A->((?xY->?xY)->((?xY->(?xY->(A->W)))->(?xY->(A->W))))))->(((?xY->(A->W))->((A->((?xY->?xY)->((?xY->(?xY->(A->W)))->(?xY->(A->W)))))->(A->((?xY->(?xY->(A->W)))->(?xY->(A->W))))))->((?xY->(A->W))->(A->((?xY->(?xY->(A->W)))->(?xY->(A->W)))))))
(((?xY->(A->W))->((A->((?xY->?xY)->((?xY->(?xY->(A->W)))->(?xY->(A->W)))))->(A->((?xY->(?xY->(A->W)))->(?xY->(A->W))))))->((?xY->(A->W))->(A->((?xY->(?xY->(A->W)))->(?xY->(A->W))))))
((?xY->(A->W))->(A->((?xY->(?xY->(A->W)))->(?xY->(A->W)))))
(((?xY->(A->W))->(A->(?xY->(A->W))))->((?xY->(A->W))->((?xY->(A->W))->(A->(?xY->(A->W))))))
((?xY->(A->W))->(A->(?xY->(A->W))))
((?xY->(A->W))->((?xY->(A->W))->(A->(?xY->(A->W)))))
((?xY->(A->W))->(((?xY->(A->W))->(?xY->(A->W)))->(?xY->(A->W))))
((?xY->(A->W))->((?xY->(A->W))->(?xY->(A->W))))
(((?xY->(A->W))->((?xY->(A->W))->(?xY->(A->W))))->(((?xY->(A->W))->(((?xY->(A->W))->(?xY->(A->W)))->(?xY->(A->W))))->((?xY->(A->W))->(?xY->(A->W)))))
(((?xY->(A->W))->(((?xY->(A->W))->(?xY->(A->W)))->(?xY->(A->W))))->((?xY->(A->W))->(?xY->(A->W))))
((?xY->(A->W))->(?xY->(A->W)))
(((?xY->(A->W))->(?xY->(A->W)))->(((?xY->(A->W))->((?xY->(A->W))->(A->(?xY->(A->W)))))->((?xY->(A->W))->(A->(?xY->(A->W))))))
(((?xY->(A->W))->((?xY->(A->W))->(A->(?xY->(A->W)))))->((?xY->(A->W))->(A->(?xY->(A->W)))))
((?xY->(A->W))->(A->(?xY->(A->W))))
((((?xY->A)->((?xY->(A->W))->(?xY->W)))->(A->((?xY->A)->((?xY->(A->W))->(?xY->W)))))->((?xY->(A->W))->(((?xY->A)->((?xY->(A->W))->(?xY->W)))->(A->((?xY->A)->((?xY->(A->W))->(?xY->W)))))))
(((?xY->A)->((?xY->(A->W))->(?xY->W)))->(A->((?xY->A)->((?xY->(A->W))->(?xY->W)))))
((?xY->(A->W))->(((?xY->A)->((?xY->(A->W))->(?xY->W)))->(A->((?xY->A)->((?xY->(A->W))->(?xY->W))))))
(((?xY->A)->((?xY->(A->W))->(?xY->W)))->((?xY->(A->W))->((?xY->A)->((?xY->(A->W))->(?xY->W)))))
((?xY->A)->((?xY->(A->W))->(?xY->W)))
((?xY->(A->W))->((?xY->A)->((?xY->(A->W))->(?xY->W))))
(((?xY->(A->W))->((?xY->A)->((?xY->(A->W))->(?xY->W))))->(((?xY->(A->W))->(((?xY->A)->((?xY->(A->W))->(?xY->W)))->(A->((?xY->A)->((?xY->(A->W))->(?xY->W))))))->((?xY->(A->W))->(A->((?xY->A)->((?xY->(A->W))->(?xY->W)))))))
(((?xY->(A->W))->(((?xY->A)->((?xY->(A->W))->(?xY->W)))->(A->((?xY->A)->((?xY->(A->W))->(?xY->W))))))->((?xY->(A->W))->(A->((?xY->A)->((?xY->(A->W))->(?xY->W))))))
((?xY->(A->W))->(A->((?xY->A)->((?xY->(A->W))->(?xY->W)))))
(((A->(?xY->A))->((A->((?xY->A)->((?xY->(A->W))->(?xY->W))))->(A->((?xY->(A->W))->(?xY->W)))))->((?xY->(A->W))->((A->(?xY->A))->((A->((?xY->A)->((?xY->(A->W))->(?xY->W))))->(A->((?xY->(A->W))->(?xY->W)))))))
((A->(?xY->A))->((A->((?xY->A)->((?xY->(A->W))->(?xY->W))))->(A->((?xY->(A->W))->(?xY->W)))))
((?xY->(A->W))->((A->(?xY->A))->((A->((?xY->A)->((?xY->(A->W))->(?xY->W))))->(A->((?xY->(A->W))->(?xY->W))))))
(((?xY->(A->W))->(A->(?xY->A)))->(((?xY->(A->W))->((A->(?xY->A))->((A->((?xY->A)->((?xY->(A->W))->(?xY->W))))->(A->((?xY->(A->W))->(?xY->W))))))->((?xY->(A->W))->((A->((?xY->A)->((?xY->(A->W))->(?xY->W))))->(A->((?xY->(A->W))->(?xY->W)))))))
(((?xY->(A->W))->((A->(?xY->A))->((A->((?xY->A)->((?xY->(A->W))->(?xY->W))))->(A->((?xY->(A->W))->(?xY->W))))))->((?xY->(A->W))->((A->((?xY->A)->((?xY->(A->W))->(?xY->W))))->(A->((?xY->(A->W))->(?xY->W))))))
((?xY->(A->W))->((A->((?xY->A)->((?xY->(A->W))->(?xY->W))))->(A->((?xY->(A->W))->(?xY->W)))))
(((?xY->(A->W))->(A->((?xY->A)->((?xY->(A->W))->(?xY->W)))))->(((?xY->(A->W))->((A->((?xY->A)->((?xY->(A->W))->(?xY->W))))->(A->((?xY->(A->W))->(?xY->W)))))->((?xY->(A->W))->(A->((?xY->(A->W))->(?xY->W))))))
(((?xY->(A->W))->((A->((?xY->A)->((?xY->(A->W))->(?xY->W))))->(A->((?xY->(A->W))->(?xY->W)))))->((?xY->(A->W))->(A->((?xY->(A->W))->(?xY->W)))))
((?xY->(A->W))->(A->((?xY->(A->W))->(?xY->W))))
(((A->(?xY->(A->W)))->((A->((?xY->(A->W))->(?xY->W)))->(A->(?xY->W))))->((?xY->(A->W))->((A->(?xY->(A->W)))->((A->((?xY->(A->W))->(?xY->W)))->(A->(?xY->W))))))
((A->(?xY->(A->W)))->((A->((?xY->(A->W))->(?xY->W)))->(A->(?xY->W))))
((?xY->(A->W))->((A->(?xY->(A->W)))->((A->((?xY->(A->W))->(?xY->W)))->(A->(?xY->W)))))
(((?xY->(A->W))->(A->(?xY->(A->W))))->(((?xY->(A->W))->((A->(?xY->(A->W)))->((A->((?xY->(A->W))->(?xY->W)))->(A->(?xY->W)))))->((?xY->(A->W))->((A->((?xY->(A->W))->(?xY->W)))->(A->(?xY->W))))))
(((?xY->(A->W))->((A->(?xY->(A->W)))->((A->((?xY->(A->W))->(?xY->W)))->(A->(?xY->W)))))->((?xY->(A->W))->((A->((?xY->(A->W))->(?xY->W)))->(A->(?xY->W)))))
((?xY->(A->W))->((A->((?xY->(A->W))->(?xY->W)))->(A->(?xY->W))))
(((?xY->(A->W))->(A->((?xY->(A->W))->(?xY->W))))->(((?xY->(A->W))->((A->((?xY->(A->W))->(?xY->W)))->(A->(?xY->W))))->((?xY->(A->W))->(A->(?xY->W)))))
(((?xY->(A->W))->((A->((?xY->(A->W))->(?xY->W)))->(A->(?xY->W))))->((?xY->(A->W))->(A->(?xY->W))))
((?xY->(A->W))->(A->(?xY->W)))



A->?xY->W MP -OK