|-((A->(Y->W))->((A&Y)->W))
(((A->(Y->W))->((A&Y)->(A->(Y->W))))->((A->(Y->W))->((A->(Y->W))->((A&Y)->(A->(Y->W))))))
((A->(Y->W))->((A&Y)->(A->(Y->W))))
((A->(Y->W))->((A->(Y->W))->((A&Y)->(A->(Y->W)))))
((A->(Y->W))->(((A->(Y->W))->(A->(Y->W)))->(A->(Y->W))))
((A->(Y->W))->((A->(Y->W))->(A->(Y->W))))
(((A->(Y->W))->((A->(Y->W))->(A->(Y->W))))->(((A->(Y->W))->(((A->(Y->W))->(A->(Y->W)))->(A->(Y->W))))->((A->(Y->W))->(A->(Y->W)))))
(((A->(Y->W))->(((A->(Y->W))->(A->(Y->W)))->(A->(Y->W))))->((A->(Y->W))->(A->(Y->W))))
((A->(Y->W))->(A->(Y->W)))
(((A->(Y->W))->(A->(Y->W)))->(((A->(Y->W))->((A->(Y->W))->((A&Y)->(A->(Y->W)))))->((A->(Y->W))->((A&Y)->(A->(Y->W))))))
(((A->(Y->W))->((A->(Y->W))->((A&Y)->(A->(Y->W)))))->((A->(Y->W))->((A&Y)->(A->(Y->W)))))
((A->(Y->W))->((A&Y)->(A->(Y->W))))
(((A&Y)->(((A&Y)->(A&Y))->(A&Y)))->((A->(Y->W))->((A&Y)->(((A&Y)->(A&Y))->(A&Y)))))
((A&Y)->(((A&Y)->(A&Y))->(A&Y)))
((A->(Y->W))->((A&Y)->(((A&Y)->(A&Y))->(A&Y))))
(((A&Y)->((A&Y)->(A&Y)))->((A->(Y->W))->((A&Y)->((A&Y)->(A&Y)))))
((A&Y)->((A&Y)->(A&Y)))
((A->(Y->W))->((A&Y)->((A&Y)->(A&Y))))
((((A&Y)->((A&Y)->(A&Y)))->(((A&Y)->(((A&Y)->(A&Y))->(A&Y)))->((A&Y)->(A&Y))))->((A->(Y->W))->(((A&Y)->((A&Y)->(A&Y)))->(((A&Y)->(((A&Y)->(A&Y))->(A&Y)))->((A&Y)->(A&Y))))))
(((A&Y)->((A&Y)->(A&Y)))->(((A&Y)->(((A&Y)->(A&Y))->(A&Y)))->((A&Y)->(A&Y))))
((A->(Y->W))->(((A&Y)->((A&Y)->(A&Y)))->(((A&Y)->(((A&Y)->(A&Y))->(A&Y)))->((A&Y)->(A&Y)))))
(((A->(Y->W))->((A&Y)->((A&Y)->(A&Y))))->(((A->(Y->W))->(((A&Y)->((A&Y)->(A&Y)))->(((A&Y)->(((A&Y)->(A&Y))->(A&Y)))->((A&Y)->(A&Y)))))->((A->(Y->W))->(((A&Y)->(((A&Y)->(A&Y))->(A&Y)))->((A&Y)->(A&Y))))))
(((A->(Y->W))->(((A&Y)->((A&Y)->(A&Y)))->(((A&Y)->(((A&Y)->(A&Y))->(A&Y)))->((A&Y)->(A&Y)))))->((A->(Y->W))->(((A&Y)->(((A&Y)->(A&Y))->(A&Y)))->((A&Y)->(A&Y)))))
((A->(Y->W))->(((A&Y)->(((A&Y)->(A&Y))->(A&Y)))->((A&Y)->(A&Y))))
(((A->(Y->W))->((A&Y)->(((A&Y)->(A&Y))->(A&Y))))->(((A->(Y->W))->(((A&Y)->(((A&Y)->(A&Y))->(A&Y)))->((A&Y)->(A&Y))))->((A->(Y->W))->((A&Y)->(A&Y)))))
(((A->(Y->W))->(((A&Y)->(((A&Y)->(A&Y))->(A&Y)))->((A&Y)->(A&Y))))->((A->(Y->W))->((A&Y)->(A&Y))))
((A->(Y->W))->((A&Y)->(A&Y)))
((((A&Y)->A)->((A&Y)->((A&Y)->A)))->((A->(Y->W))->(((A&Y)->A)->((A&Y)->((A&Y)->A)))))
(((A&Y)->A)->((A&Y)->((A&Y)->A)))
((A->(Y->W))->(((A&Y)->A)->((A&Y)->((A&Y)->A))))
(((A&Y)->A)->((A->(Y->W))->((A&Y)->A)))
((A&Y)->A)
((A->(Y->W))->((A&Y)->A))
(((A->(Y->W))->((A&Y)->A))->(((A->(Y->W))->(((A&Y)->A)->((A&Y)->((A&Y)->A))))->((A->(Y->W))->((A&Y)->((A&Y)->A)))))
(((A->(Y->W))->(((A&Y)->A)->((A&Y)->((A&Y)->A))))->((A->(Y->W))->((A&Y)->((A&Y)->A))))
((A->(Y->W))->((A&Y)->((A&Y)->A)))
((((A&Y)->(A&Y))->(((A&Y)->((A&Y)->A))->((A&Y)->A)))->((A->(Y->W))->(((A&Y)->(A&Y))->(((A&Y)->((A&Y)->A))->((A&Y)->A)))))
(((A&Y)->(A&Y))->(((A&Y)->((A&Y)->A))->((A&Y)->A)))
((A->(Y->W))->(((A&Y)->(A&Y))->(((A&Y)->((A&Y)->A))->((A&Y)->A))))
(((A->(Y->W))->((A&Y)->(A&Y)))->(((A->(Y->W))->(((A&Y)->(A&Y))->(((A&Y)->((A&Y)->A))->((A&Y)->A))))->((A->(Y->W))->(((A&Y)->((A&Y)->A))->((A&Y)->A)))))
(((A->(Y->W))->(((A&Y)->(A&Y))->(((A&Y)->((A&Y)->A))->((A&Y)->A))))->((A->(Y->W))->(((A&Y)->((A&Y)->A))->((A&Y)->A))))
((A->(Y->W))->(((A&Y)->((A&Y)->A))->((A&Y)->A)))
(((A&Y)->A)->((A->(Y->W))->((A&Y)->A)))
((A&Y)->A)
((A->(Y->W))->((A&Y)->A))
((((A&Y)->Y)->((A&Y)->((A&Y)->Y)))->((A->(Y->W))->(((A&Y)->Y)->((A&Y)->((A&Y)->Y)))))
(((A&Y)->Y)->((A&Y)->((A&Y)->Y)))
((A->(Y->W))->(((A&Y)->Y)->((A&Y)->((A&Y)->Y))))
(((A&Y)->Y)->((A->(Y->W))->((A&Y)->Y)))
((A&Y)->Y)
((A->(Y->W))->((A&Y)->Y))
(((A->(Y->W))->((A&Y)->Y))->(((A->(Y->W))->(((A&Y)->Y)->((A&Y)->((A&Y)->Y))))->((A->(Y->W))->((A&Y)->((A&Y)->Y)))))
(((A->(Y->W))->(((A&Y)->Y)->((A&Y)->((A&Y)->Y))))->((A->(Y->W))->((A&Y)->((A&Y)->Y))))
((A->(Y->W))->((A&Y)->((A&Y)->Y)))
((((A&Y)->(A&Y))->(((A&Y)->((A&Y)->Y))->((A&Y)->Y)))->((A->(Y->W))->(((A&Y)->(A&Y))->(((A&Y)->((A&Y)->Y))->((A&Y)->Y)))))
(((A&Y)->(A&Y))->(((A&Y)->((A&Y)->Y))->((A&Y)->Y)))
((A->(Y->W))->(((A&Y)->(A&Y))->(((A&Y)->((A&Y)->Y))->((A&Y)->Y))))
(((A->(Y->W))->((A&Y)->(A&Y)))->(((A->(Y->W))->(((A&Y)->(A&Y))->(((A&Y)->((A&Y)->Y))->((A&Y)->Y))))->((A->(Y->W))->(((A&Y)->((A&Y)->Y))->((A&Y)->Y)))))
(((A->(Y->W))->(((A&Y)->(A&Y))->(((A&Y)->((A&Y)->Y))->((A&Y)->Y))))->((A->(Y->W))->(((A&Y)->((A&Y)->Y))->((A&Y)->Y))))
((A->(Y->W))->(((A&Y)->((A&Y)->Y))->((A&Y)->Y)))
(((A&Y)->Y)->((A->(Y->W))->((A&Y)->Y)))
((A&Y)->Y)
((A->(Y->W))->((A&Y)->Y))
((((A&Y)->A)->(((A&Y)->(A->(Y->W)))->((A&Y)->(Y->W))))->((A->(Y->W))->(((A&Y)->A)->(((A&Y)->(A->(Y->W)))->((A&Y)->(Y->W))))))
(((A&Y)->A)->(((A&Y)->(A->(Y->W)))->((A&Y)->(Y->W))))
((A->(Y->W))->(((A&Y)->A)->(((A&Y)->(A->(Y->W)))->((A&Y)->(Y->W)))))
(((A->(Y->W))->((A&Y)->A))->(((A->(Y->W))->(((A&Y)->A)->(((A&Y)->(A->(Y->W)))->((A&Y)->(Y->W)))))->((A->(Y->W))->(((A&Y)->(A->(Y->W)))->((A&Y)->(Y->W))))))
(((A->(Y->W))->(((A&Y)->A)->(((A&Y)->(A->(Y->W)))->((A&Y)->(Y->W)))))->((A->(Y->W))->(((A&Y)->(A->(Y->W)))->((A&Y)->(Y->W)))))
((A->(Y->W))->(((A&Y)->(A->(Y->W)))->((A&Y)->(Y->W))))
(((A->(Y->W))->((A&Y)->(A->(Y->W))))->(((A->(Y->W))->(((A&Y)->(A->(Y->W)))->((A&Y)->(Y->W))))->((A->(Y->W))->((A&Y)->(Y->W)))))
(((A->(Y->W))->(((A&Y)->(A->(Y->W)))->((A&Y)->(Y->W))))->((A->(Y->W))->((A&Y)->(Y->W))))
((A->(Y->W))->((A&Y)->(Y->W)))
((((A&Y)->Y)->(((A&Y)->(Y->W))->((A&Y)->W)))->((A->(Y->W))->(((A&Y)->Y)->(((A&Y)->(Y->W))->((A&Y)->W)))))
(((A&Y)->Y)->(((A&Y)->(Y->W))->((A&Y)->W)))
((A->(Y->W))->(((A&Y)->Y)->(((A&Y)->(Y->W))->((A&Y)->W))))
(((A->(Y->W))->((A&Y)->Y))->(((A->(Y->W))->(((A&Y)->Y)->(((A&Y)->(Y->W))->((A&Y)->W))))->((A->(Y->W))->(((A&Y)->(Y->W))->((A&Y)->W)))))
(((A->(Y->W))->(((A&Y)->Y)->(((A&Y)->(Y->W))->((A&Y)->W))))->((A->(Y->W))->(((A&Y)->(Y->W))->((A&Y)->W))))
((A->(Y->W))->(((A&Y)->(Y->W))->((A&Y)->W)))
(((A->(Y->W))->((A&Y)->(Y->W)))->(((A->(Y->W))->(((A&Y)->(Y->W))->((A&Y)->W)))->((A->(Y->W))->((A&Y)->W))))
(((A->(Y->W))->(((A&Y)->(Y->W))->((A&Y)->W)))->((A->(Y->W))->((A&Y)->W)))
((A->(Y->W))->((A&Y)->W))


A->Y->W
A&Y->W
A&Y->@xW

|-(((A&Y)->@xW)->(A->(Y->@xW)))
(((((A&Y)->@xW)->(Y->((A&Y)->@xW)))->(A->(((A&Y)->@xW)->(Y->((A&Y)->@xW)))))->(((A&Y)->@xW)->((((A&Y)->@xW)->(Y->((A&Y)->@xW)))->(A->(((A&Y)->@xW)->(Y->((A&Y)->@xW)))))))
((((A&Y)->@xW)->(Y->((A&Y)->@xW)))->(A->(((A&Y)->@xW)->(Y->((A&Y)->@xW)))))
(((A&Y)->@xW)->((((A&Y)->@xW)->(Y->((A&Y)->@xW)))->(A->(((A&Y)->@xW)->(Y->((A&Y)->@xW))))))
((((A&Y)->@xW)->(Y->((A&Y)->@xW)))->(((A&Y)->@xW)->(((A&Y)->@xW)->(Y->((A&Y)->@xW)))))
(((A&Y)->@xW)->(Y->((A&Y)->@xW)))
(((A&Y)->@xW)->(((A&Y)->@xW)->(Y->((A&Y)->@xW))))
((((A&Y)->@xW)->(((A&Y)->@xW)->(Y->((A&Y)->@xW))))->((((A&Y)->@xW)->((((A&Y)->@xW)->(Y->((A&Y)->@xW)))->(A->(((A&Y)->@xW)->(Y->((A&Y)->@xW))))))->(((A&Y)->@xW)->(A->(((A&Y)->@xW)->(Y->((A&Y)->@xW)))))))
((((A&Y)->@xW)->((((A&Y)->@xW)->(Y->((A&Y)->@xW)))->(A->(((A&Y)->@xW)->(Y->((A&Y)->@xW))))))->(((A&Y)->@xW)->(A->(((A&Y)->@xW)->(Y->((A&Y)->@xW))))))
(((A&Y)->@xW)->(A->(((A&Y)->@xW)->(Y->((A&Y)->@xW)))))
((((A&Y)->@xW)->(A->((A&Y)->@xW)))->(((A&Y)->@xW)->(((A&Y)->@xW)->(A->((A&Y)->@xW)))))
(((A&Y)->@xW)->(A->((A&Y)->@xW)))
(((A&Y)->@xW)->(((A&Y)->@xW)->(A->((A&Y)->@xW))))
(((A&Y)->@xW)->((((A&Y)->@xW)->((A&Y)->@xW))->((A&Y)->@xW)))
(((A&Y)->@xW)->(((A&Y)->@xW)->((A&Y)->@xW)))
((((A&Y)->@xW)->(((A&Y)->@xW)->((A&Y)->@xW)))->((((A&Y)->@xW)->((((A&Y)->@xW)->((A&Y)->@xW))->((A&Y)->@xW)))->(((A&Y)->@xW)->((A&Y)->@xW))))
((((A&Y)->@xW)->((((A&Y)->@xW)->((A&Y)->@xW))->((A&Y)->@xW)))->(((A&Y)->@xW)->((A&Y)->@xW)))
(((A&Y)->@xW)->((A&Y)->@xW))
((((A&Y)->@xW)->((A&Y)->@xW))->((((A&Y)->@xW)->(((A&Y)->@xW)->(A->((A&Y)->@xW))))->(((A&Y)->@xW)->(A->((A&Y)->@xW)))))
((((A&Y)->@xW)->(((A&Y)->@xW)->(A->((A&Y)->@xW))))->(((A&Y)->@xW)->(A->((A&Y)->@xW))))
(((A&Y)->@xW)->(A->((A&Y)->@xW)))
(((A->((A&Y)->@xW))->((A->(((A&Y)->@xW)->(Y->((A&Y)->@xW))))->(A->(Y->((A&Y)->@xW)))))->(((A&Y)->@xW)->((A->((A&Y)->@xW))->((A->(((A&Y)->@xW)->(Y->((A&Y)->@xW))))->(A->(Y->((A&Y)->@xW)))))))
((A->((A&Y)->@xW))->((A->(((A&Y)->@xW)->(Y->((A&Y)->@xW))))->(A->(Y->((A&Y)->@xW)))))
(((A&Y)->@xW)->((A->((A&Y)->@xW))->((A->(((A&Y)->@xW)->(Y->((A&Y)->@xW))))->(A->(Y->((A&Y)->@xW))))))
((((A&Y)->@xW)->(A->((A&Y)->@xW)))->((((A&Y)->@xW)->((A->((A&Y)->@xW))->((A->(((A&Y)->@xW)->(Y->((A&Y)->@xW))))->(A->(Y->((A&Y)->@xW))))))->(((A&Y)->@xW)->((A->(((A&Y)->@xW)->(Y->((A&Y)->@xW))))->(A->(Y->((A&Y)->@xW)))))))
((((A&Y)->@xW)->((A->((A&Y)->@xW))->((A->(((A&Y)->@xW)->(Y->((A&Y)->@xW))))->(A->(Y->((A&Y)->@xW))))))->(((A&Y)->@xW)->((A->(((A&Y)->@xW)->(Y->((A&Y)->@xW))))->(A->(Y->((A&Y)->@xW))))))
(((A&Y)->@xW)->((A->(((A&Y)->@xW)->(Y->((A&Y)->@xW))))->(A->(Y->((A&Y)->@xW)))))
((((A&Y)->@xW)->(A->(((A&Y)->@xW)->(Y->((A&Y)->@xW)))))->((((A&Y)->@xW)->((A->(((A&Y)->@xW)->(Y->((A&Y)->@xW))))->(A->(Y->((A&Y)->@xW)))))->(((A&Y)->@xW)->(A->(Y->((A&Y)->@xW))))))
((((A&Y)->@xW)->((A->(((A&Y)->@xW)->(Y->((A&Y)->@xW))))->(A->(Y->((A&Y)->@xW)))))->(((A&Y)->@xW)->(A->(Y->((A&Y)->@xW)))))
(((A&Y)->@xW)->(A->(Y->((A&Y)->@xW))))
(((A->(Y->A))->(A->(A->(Y->A))))->(((A&Y)->@xW)->((A->(Y->A))->(A->(A->(Y->A))))))
((A->(Y->A))->(A->(A->(Y->A))))
(((A&Y)->@xW)->((A->(Y->A))->(A->(A->(Y->A)))))
((A->(Y->A))->(((A&Y)->@xW)->(A->(Y->A))))
(A->(Y->A))
(((A&Y)->@xW)->(A->(Y->A)))
((((A&Y)->@xW)->(A->(Y->A)))->((((A&Y)->@xW)->((A->(Y->A))->(A->(A->(Y->A)))))->(((A&Y)->@xW)->(A->(A->(Y->A))))))
((((A&Y)->@xW)->((A->(Y->A))->(A->(A->(Y->A)))))->(((A&Y)->@xW)->(A->(A->(Y->A)))))
(((A&Y)->@xW)->(A->(A->(Y->A))))
((A->((A->A)->A))->(((A&Y)->@xW)->(A->((A->A)->A))))
(A->((A->A)->A))
(((A&Y)->@xW)->(A->((A->A)->A)))
((A->(A->A))->(((A&Y)->@xW)->(A->(A->A))))
(A->(A->A))
(((A&Y)->@xW)->(A->(A->A)))
(((A->(A->A))->((A->((A->A)->A))->(A->A)))->(((A&Y)->@xW)->((A->(A->A))->((A->((A->A)->A))->(A->A)))))
((A->(A->A))->((A->((A->A)->A))->(A->A)))
(((A&Y)->@xW)->((A->(A->A))->((A->((A->A)->A))->(A->A))))
((((A&Y)->@xW)->(A->(A->A)))->((((A&Y)->@xW)->((A->(A->A))->((A->((A->A)->A))->(A->A))))->(((A&Y)->@xW)->((A->((A->A)->A))->(A->A)))))
((((A&Y)->@xW)->((A->(A->A))->((A->((A->A)->A))->(A->A))))->(((A&Y)->@xW)->((A->((A->A)->A))->(A->A))))
(((A&Y)->@xW)->((A->((A->A)->A))->(A->A)))
((((A&Y)->@xW)->(A->((A->A)->A)))->((((A&Y)->@xW)->((A->((A->A)->A))->(A->A)))->(((A&Y)->@xW)->(A->A))))
((((A&Y)->@xW)->((A->((A->A)->A))->(A->A)))->(((A&Y)->@xW)->(A->A)))
(((A&Y)->@xW)->(A->A))
(((A->A)->((A->(A->(Y->A)))->(A->(Y->A))))->(((A&Y)->@xW)->((A->A)->((A->(A->(Y->A)))->(A->(Y->A))))))
((A->A)->((A->(A->(Y->A)))->(A->(Y->A))))
(((A&Y)->@xW)->((A->A)->((A->(A->(Y->A)))->(A->(Y->A)))))
((((A&Y)->@xW)->(A->A))->((((A&Y)->@xW)->((A->A)->((A->(A->(Y->A)))->(A->(Y->A)))))->(((A&Y)->@xW)->((A->(A->(Y->A)))->(A->(Y->A))))))
((((A&Y)->@xW)->((A->A)->((A->(A->(Y->A)))->(A->(Y->A)))))->(((A&Y)->@xW)->((A->(A->(Y->A)))->(A->(Y->A)))))
(((A&Y)->@xW)->((A->(A->(Y->A)))->(A->(Y->A))))
((A->(Y->A))->(((A&Y)->@xW)->(A->(Y->A))))
(A->(Y->A))
(((A&Y)->@xW)->(A->(Y->A)))
(((Y->((Y->Y)->Y))->(A->(Y->((Y->Y)->Y))))->(((A&Y)->@xW)->((Y->((Y->Y)->Y))->(A->(Y->((Y->Y)->Y))))))
((Y->((Y->Y)->Y))->(A->(Y->((Y->Y)->Y))))
(((A&Y)->@xW)->((Y->((Y->Y)->Y))->(A->(Y->((Y->Y)->Y)))))
((Y->((Y->Y)->Y))->(((A&Y)->@xW)->(Y->((Y->Y)->Y))))
(Y->((Y->Y)->Y))
(((A&Y)->@xW)->(Y->((Y->Y)->Y)))
((((A&Y)->@xW)->(Y->((Y->Y)->Y)))->((((A&Y)->@xW)->((Y->((Y->Y)->Y))->(A->(Y->((Y->Y)->Y)))))->(((A&Y)->@xW)->(A->(Y->((Y->Y)->Y))))))
((((A&Y)->@xW)->((Y->((Y->Y)->Y))->(A->(Y->((Y->Y)->Y)))))->(((A&Y)->@xW)->(A->(Y->((Y->Y)->Y)))))
(((A&Y)->@xW)->(A->(Y->((Y->Y)->Y))))
(((Y->(Y->Y))->(A->(Y->(Y->Y))))->(((A&Y)->@xW)->((Y->(Y->Y))->(A->(Y->(Y->Y))))))
((Y->(Y->Y))->(A->(Y->(Y->Y))))
(((A&Y)->@xW)->((Y->(Y->Y))->(A->(Y->(Y->Y)))))
((Y->(Y->Y))->(((A&Y)->@xW)->(Y->(Y->Y))))
(Y->(Y->Y))
(((A&Y)->@xW)->(Y->(Y->Y)))
((((A&Y)->@xW)->(Y->(Y->Y)))->((((A&Y)->@xW)->((Y->(Y->Y))->(A->(Y->(Y->Y)))))->(((A&Y)->@xW)->(A->(Y->(Y->Y))))))
((((A&Y)->@xW)->((Y->(Y->Y))->(A->(Y->(Y->Y)))))->(((A&Y)->@xW)->(A->(Y->(Y->Y)))))
(((A&Y)->@xW)->(A->(Y->(Y->Y))))
((((Y->(Y->Y))->((Y->((Y->Y)->Y))->(Y->Y)))->(A->((Y->(Y->Y))->((Y->((Y->Y)->Y))->(Y->Y)))))->(((A&Y)->@xW)->(((Y->(Y->Y))->((Y->((Y->Y)->Y))->(Y->Y)))->(A->((Y->(Y->Y))->((Y->((Y->Y)->Y))->(Y->Y)))))))
(((Y->(Y->Y))->((Y->((Y->Y)->Y))->(Y->Y)))->(A->((Y->(Y->Y))->((Y->((Y->Y)->Y))->(Y->Y)))))
(((A&Y)->@xW)->(((Y->(Y->Y))->((Y->((Y->Y)->Y))->(Y->Y)))->(A->((Y->(Y->Y))->((Y->((Y->Y)->Y))->(Y->Y))))))
(((Y->(Y->Y))->((Y->((Y->Y)->Y))->(Y->Y)))->(((A&Y)->@xW)->((Y->(Y->Y))->((Y->((Y->Y)->Y))->(Y->Y)))))
((Y->(Y->Y))->((Y->((Y->Y)->Y))->(Y->Y)))
(((A&Y)->@xW)->((Y->(Y->Y))->((Y->((Y->Y)->Y))->(Y->Y))))
((((A&Y)->@xW)->((Y->(Y->Y))->((Y->((Y->Y)->Y))->(Y->Y))))->((((A&Y)->@xW)->(((Y->(Y->Y))->((Y->((Y->Y)->Y))->(Y->Y)))->(A->((Y->(Y->Y))->((Y->((Y->Y)->Y))->(Y->Y))))))->(((A&Y)->@xW)->(A->((Y->(Y->Y))->((Y->((Y->Y)->Y))->(Y->Y)))))))
((((A&Y)->@xW)->(((Y->(Y->Y))->((Y->((Y->Y)->Y))->(Y->Y)))->(A->((Y->(Y->Y))->((Y->((Y->Y)->Y))->(Y->Y))))))->(((A&Y)->@xW)->(A->((Y->(Y->Y))->((Y->((Y->Y)->Y))->(Y->Y))))))
(((A&Y)->@xW)->(A->((Y->(Y->Y))->((Y->((Y->Y)->Y))->(Y->Y)))))
(((A->(Y->(Y->Y)))->((A->((Y->(Y->Y))->((Y->((Y->Y)->Y))->(Y->Y))))->(A->((Y->((Y->Y)->Y))->(Y->Y)))))->(((A&Y)->@xW)->((A->(Y->(Y->Y)))->((A->((Y->(Y->Y))->((Y->((Y->Y)->Y))->(Y->Y))))->(A->((Y->((Y->Y)->Y))->(Y->Y)))))))
((A->(Y->(Y->Y)))->((A->((Y->(Y->Y))->((Y->((Y->Y)->Y))->(Y->Y))))->(A->((Y->((Y->Y)->Y))->(Y->Y)))))
(((A&Y)->@xW)->((A->(Y->(Y->Y)))->((A->((Y->(Y->Y))->((Y->((Y->Y)->Y))->(Y->Y))))->(A->((Y->((Y->Y)->Y))->(Y->Y))))))
((((A&Y)->@xW)->(A->(Y->(Y->Y))))->((((A&Y)->@xW)->((A->(Y->(Y->Y)))->((A->((Y->(Y->Y))->((Y->((Y->Y)->Y))->(Y->Y))))->(A->((Y->((Y->Y)->Y))->(Y->Y))))))->(((A&Y)->@xW)->((A->((Y->(Y->Y))->((Y->((Y->Y)->Y))->(Y->Y))))->(A->((Y->((Y->Y)->Y))->(Y->Y)))))))
((((A&Y)->@xW)->((A->(Y->(Y->Y)))->((A->((Y->(Y->Y))->((Y->((Y->Y)->Y))->(Y->Y))))->(A->((Y->((Y->Y)->Y))->(Y->Y))))))->(((A&Y)->@xW)->((A->((Y->(Y->Y))->((Y->((Y->Y)->Y))->(Y->Y))))->(A->((Y->((Y->Y)->Y))->(Y->Y))))))
(((A&Y)->@xW)->((A->((Y->(Y->Y))->((Y->((Y->Y)->Y))->(Y->Y))))->(A->((Y->((Y->Y)->Y))->(Y->Y)))))
((((A&Y)->@xW)->(A->((Y->(Y->Y))->((Y->((Y->Y)->Y))->(Y->Y)))))->((((A&Y)->@xW)->((A->((Y->(Y->Y))->((Y->((Y->Y)->Y))->(Y->Y))))->(A->((Y->((Y->Y)->Y))->(Y->Y)))))->(((A&Y)->@xW)->(A->((Y->((Y->Y)->Y))->(Y->Y))))))
((((A&Y)->@xW)->((A->((Y->(Y->Y))->((Y->((Y->Y)->Y))->(Y->Y))))->(A->((Y->((Y->Y)->Y))->(Y->Y)))))->(((A&Y)->@xW)->(A->((Y->((Y->Y)->Y))->(Y->Y)))))
(((A&Y)->@xW)->(A->((Y->((Y->Y)->Y))->(Y->Y))))
(((A->(Y->((Y->Y)->Y)))->((A->((Y->((Y->Y)->Y))->(Y->Y)))->(A->(Y->Y))))->(((A&Y)->@xW)->((A->(Y->((Y->Y)->Y)))->((A->((Y->((Y->Y)->Y))->(Y->Y)))->(A->(Y->Y))))))
((A->(Y->((Y->Y)->Y)))->((A->((Y->((Y->Y)->Y))->(Y->Y)))->(A->(Y->Y))))
(((A&Y)->@xW)->((A->(Y->((Y->Y)->Y)))->((A->((Y->((Y->Y)->Y))->(Y->Y)))->(A->(Y->Y)))))
((((A&Y)->@xW)->(A->(Y->((Y->Y)->Y))))->((((A&Y)->@xW)->((A->(Y->((Y->Y)->Y)))->((A->((Y->((Y->Y)->Y))->(Y->Y)))->(A->(Y->Y)))))->(((A&Y)->@xW)->((A->((Y->((Y->Y)->Y))->(Y->Y)))->(A->(Y->Y))))))
((((A&Y)->@xW)->((A->(Y->((Y->Y)->Y)))->((A->((Y->((Y->Y)->Y))->(Y->Y)))->(A->(Y->Y)))))->(((A&Y)->@xW)->((A->((Y->((Y->Y)->Y))->(Y->Y)))->(A->(Y->Y)))))
(((A&Y)->@xW)->((A->((Y->((Y->Y)->Y))->(Y->Y)))->(A->(Y->Y))))
((((A&Y)->@xW)->(A->((Y->((Y->Y)->Y))->(Y->Y))))->((((A&Y)->@xW)->((A->((Y->((Y->Y)->Y))->(Y->Y)))->(A->(Y->Y))))->(((A&Y)->@xW)->(A->(Y->Y)))))
((((A&Y)->@xW)->((A->((Y->((Y->Y)->Y))->(Y->Y)))->(A->(Y->Y))))->(((A&Y)->@xW)->(A->(Y->Y))))
(((A&Y)->@xW)->(A->(Y->Y)))
((((A->(Y->(A&Y)))->(Y->(A->(Y->(A&Y)))))->(A->((A->(Y->(A&Y)))->(Y->(A->(Y->(A&Y)))))))->(((A&Y)->@xW)->(((A->(Y->(A&Y)))->(Y->(A->(Y->(A&Y)))))->(A->((A->(Y->(A&Y)))->(Y->(A->(Y->(A&Y)))))))))
(((A->(Y->(A&Y)))->(Y->(A->(Y->(A&Y)))))->(A->((A->(Y->(A&Y)))->(Y->(A->(Y->(A&Y)))))))
(((A&Y)->@xW)->(((A->(Y->(A&Y)))->(Y->(A->(Y->(A&Y)))))->(A->((A->(Y->(A&Y)))->(Y->(A->(Y->(A&Y))))))))
(((A->(Y->(A&Y)))->(Y->(A->(Y->(A&Y)))))->(((A&Y)->@xW)->((A->(Y->(A&Y)))->(Y->(A->(Y->(A&Y)))))))
((A->(Y->(A&Y)))->(Y->(A->(Y->(A&Y)))))
(((A&Y)->@xW)->((A->(Y->(A&Y)))->(Y->(A->(Y->(A&Y))))))
((((A&Y)->@xW)->((A->(Y->(A&Y)))->(Y->(A->(Y->(A&Y))))))->((((A&Y)->@xW)->(((A->(Y->(A&Y)))->(Y->(A->(Y->(A&Y)))))->(A->((A->(Y->(A&Y)))->(Y->(A->(Y->(A&Y))))))))->(((A&Y)->@xW)->(A->((A->(Y->(A&Y)))->(Y->(A->(Y->(A&Y)))))))))
((((A&Y)->@xW)->(((A->(Y->(A&Y)))->(Y->(A->(Y->(A&Y)))))->(A->((A->(Y->(A&Y)))->(Y->(A->(Y->(A&Y))))))))->(((A&Y)->@xW)->(A->((A->(Y->(A&Y)))->(Y->(A->(Y->(A&Y))))))))
(((A&Y)->@xW)->(A->((A->(Y->(A&Y)))->(Y->(A->(Y->(A&Y)))))))
(((A->(Y->(A&Y)))->(A->(A->(Y->(A&Y)))))->(((A&Y)->@xW)->((A->(Y->(A&Y)))->(A->(A->(Y->(A&Y)))))))
((A->(Y->(A&Y)))->(A->(A->(Y->(A&Y)))))
(((A&Y)->@xW)->((A->(Y->(A&Y)))->(A->(A->(Y->(A&Y))))))
((A->(Y->(A&Y)))->(((A&Y)->@xW)->(A->(Y->(A&Y)))))
(A->(Y->(A&Y)))
(((A&Y)->@xW)->(A->(Y->(A&Y))))
((((A&Y)->@xW)->(A->(Y->(A&Y))))->((((A&Y)->@xW)->((A->(Y->(A&Y)))->(A->(A->(Y->(A&Y))))))->(((A&Y)->@xW)->(A->(A->(Y->(A&Y)))))))
((((A&Y)->@xW)->((A->(Y->(A&Y)))->(A->(A->(Y->(A&Y))))))->(((A&Y)->@xW)->(A->(A->(Y->(A&Y))))))
(((A&Y)->@xW)->(A->(A->(Y->(A&Y)))))
(((A->(A->(Y->(A&Y))))->((A->((A->(Y->(A&Y)))->(Y->(A->(Y->(A&Y))))))->(A->(Y->(A->(Y->(A&Y)))))))->(((A&Y)->@xW)->((A->(A->(Y->(A&Y))))->((A->((A->(Y->(A&Y)))->(Y->(A->(Y->(A&Y))))))->(A->(Y->(A->(Y->(A&Y)))))))))
((A->(A->(Y->(A&Y))))->((A->((A->(Y->(A&Y)))->(Y->(A->(Y->(A&Y))))))->(A->(Y->(A->(Y->(A&Y)))))))
(((A&Y)->@xW)->((A->(A->(Y->(A&Y))))->((A->((A->(Y->(A&Y)))->(Y->(A->(Y->(A&Y))))))->(A->(Y->(A->(Y->(A&Y))))))))
((((A&Y)->@xW)->(A->(A->(Y->(A&Y)))))->((((A&Y)->@xW)->((A->(A->(Y->(A&Y))))->((A->((A->(Y->(A&Y)))->(Y->(A->(Y->(A&Y))))))->(A->(Y->(A->(Y->(A&Y))))))))->(((A&Y)->@xW)->((A->((A->(Y->(A&Y)))->(Y->(A->(Y->(A&Y))))))->(A->(Y->(A->(Y->(A&Y)))))))))
((((A&Y)->@xW)->((A->(A->(Y->(A&Y))))->((A->((A->(Y->(A&Y)))->(Y->(A->(Y->(A&Y))))))->(A->(Y->(A->(Y->(A&Y))))))))->(((A&Y)->@xW)->((A->((A->(Y->(A&Y)))->(Y->(A->(Y->(A&Y))))))->(A->(Y->(A->(Y->(A&Y))))))))
(((A&Y)->@xW)->((A->((A->(Y->(A&Y)))->(Y->(A->(Y->(A&Y))))))->(A->(Y->(A->(Y->(A&Y)))))))
((((A&Y)->@xW)->(A->((A->(Y->(A&Y)))->(Y->(A->(Y->(A&Y)))))))->((((A&Y)->@xW)->((A->((A->(Y->(A&Y)))->(Y->(A->(Y->(A&Y))))))->(A->(Y->(A->(Y->(A&Y)))))))->(((A&Y)->@xW)->(A->(Y->(A->(Y->(A&Y))))))))
((((A&Y)->@xW)->((A->((A->(Y->(A&Y)))->(Y->(A->(Y->(A&Y))))))->(A->(Y->(A->(Y->(A&Y)))))))->(((A&Y)->@xW)->(A->(Y->(A->(Y->(A&Y)))))))
(((A&Y)->@xW)->(A->(Y->(A->(Y->(A&Y))))))
((((Y->A)->((Y->(A->(Y->(A&Y))))->(Y->(Y->(A&Y)))))->(A->((Y->A)->((Y->(A->(Y->(A&Y))))->(Y->(Y->(A&Y)))))))->(((A&Y)->@xW)->(((Y->A)->((Y->(A->(Y->(A&Y))))->(Y->(Y->(A&Y)))))->(A->((Y->A)->((Y->(A->(Y->(A&Y))))->(Y->(Y->(A&Y)))))))))
(((Y->A)->((Y->(A->(Y->(A&Y))))->(Y->(Y->(A&Y)))))->(A->((Y->A)->((Y->(A->(Y->(A&Y))))->(Y->(Y->(A&Y)))))))
(((A&Y)->@xW)->(((Y->A)->((Y->(A->(Y->(A&Y))))->(Y->(Y->(A&Y)))))->(A->((Y->A)->((Y->(A->(Y->(A&Y))))->(Y->(Y->(A&Y))))))))
(((Y->A)->((Y->(A->(Y->(A&Y))))->(Y->(Y->(A&Y)))))->(((A&Y)->@xW)->((Y->A)->((Y->(A->(Y->(A&Y))))->(Y->(Y->(A&Y)))))))
((Y->A)->((Y->(A->(Y->(A&Y))))->(Y->(Y->(A&Y)))))
(((A&Y)->@xW)->((Y->A)->((Y->(A->(Y->(A&Y))))->(Y->(Y->(A&Y))))))
((((A&Y)->@xW)->((Y->A)->((Y->(A->(Y->(A&Y))))->(Y->(Y->(A&Y))))))->((((A&Y)->@xW)->(((Y->A)->((Y->(A->(Y->(A&Y))))->(Y->(Y->(A&Y)))))->(A->((Y->A)->((Y->(A->(Y->(A&Y))))->(Y->(Y->(A&Y))))))))->(((A&Y)->@xW)->(A->((Y->A)->((Y->(A->(Y->(A&Y))))->(Y->(Y->(A&Y)))))))))
((((A&Y)->@xW)->(((Y->A)->((Y->(A->(Y->(A&Y))))->(Y->(Y->(A&Y)))))->(A->((Y->A)->((Y->(A->(Y->(A&Y))))->(Y->(Y->(A&Y))))))))->(((A&Y)->@xW)->(A->((Y->A)->((Y->(A->(Y->(A&Y))))->(Y->(Y->(A&Y))))))))
(((A&Y)->@xW)->(A->((Y->A)->((Y->(A->(Y->(A&Y))))->(Y->(Y->(A&Y)))))))
(((A->(Y->A))->((A->((Y->A)->((Y->(A->(Y->(A&Y))))->(Y->(Y->(A&Y))))))->(A->((Y->(A->(Y->(A&Y))))->(Y->(Y->(A&Y)))))))->(((A&Y)->@xW)->((A->(Y->A))->((A->((Y->A)->((Y->(A->(Y->(A&Y))))->(Y->(Y->(A&Y))))))->(A->((Y->(A->(Y->(A&Y))))->(Y->(Y->(A&Y)))))))))
((A->(Y->A))->((A->((Y->A)->((Y->(A->(Y->(A&Y))))->(Y->(Y->(A&Y))))))->(A->((Y->(A->(Y->(A&Y))))->(Y->(Y->(A&Y)))))))
(((A&Y)->@xW)->((A->(Y->A))->((A->((Y->A)->((Y->(A->(Y->(A&Y))))->(Y->(Y->(A&Y))))))->(A->((Y->(A->(Y->(A&Y))))->(Y->(Y->(A&Y))))))))
((((A&Y)->@xW)->(A->(Y->A)))->((((A&Y)->@xW)->((A->(Y->A))->((A->((Y->A)->((Y->(A->(Y->(A&Y))))->(Y->(Y->(A&Y))))))->(A->((Y->(A->(Y->(A&Y))))->(Y->(Y->(A&Y))))))))->(((A&Y)->@xW)->((A->((Y->A)->((Y->(A->(Y->(A&Y))))->(Y->(Y->(A&Y))))))->(A->((Y->(A->(Y->(A&Y))))->(Y->(Y->(A&Y)))))))))
((((A&Y)->@xW)->((A->(Y->A))->((A->((Y->A)->((Y->(A->(Y->(A&Y))))->(Y->(Y->(A&Y))))))->(A->((Y->(A->(Y->(A&Y))))->(Y->(Y->(A&Y))))))))->(((A&Y)->@xW)->((A->((Y->A)->((Y->(A->(Y->(A&Y))))->(Y->(Y->(A&Y))))))->(A->((Y->(A->(Y->(A&Y))))->(Y->(Y->(A&Y))))))))
(((A&Y)->@xW)->((A->((Y->A)->((Y->(A->(Y->(A&Y))))->(Y->(Y->(A&Y))))))->(A->((Y->(A->(Y->(A&Y))))->(Y->(Y->(A&Y)))))))
((((A&Y)->@xW)->(A->((Y->A)->((Y->(A->(Y->(A&Y))))->(Y->(Y->(A&Y)))))))->((((A&Y)->@xW)->((A->((Y->A)->((Y->(A->(Y->(A&Y))))->(Y->(Y->(A&Y))))))->(A->((Y->(A->(Y->(A&Y))))->(Y->(Y->(A&Y)))))))->(((A&Y)->@xW)->(A->((Y->(A->(Y->(A&Y))))->(Y->(Y->(A&Y))))))))
((((A&Y)->@xW)->((A->((Y->A)->((Y->(A->(Y->(A&Y))))->(Y->(Y->(A&Y))))))->(A->((Y->(A->(Y->(A&Y))))->(Y->(Y->(A&Y)))))))->(((A&Y)->@xW)->(A->((Y->(A->(Y->(A&Y))))->(Y->(Y->(A&Y)))))))
(((A&Y)->@xW)->(A->((Y->(A->(Y->(A&Y))))->(Y->(Y->(A&Y))))))
(((A->(Y->(A->(Y->(A&Y)))))->((A->((Y->(A->(Y->(A&Y))))->(Y->(Y->(A&Y)))))->(A->(Y->(Y->(A&Y))))))->(((A&Y)->@xW)->((A->(Y->(A->(Y->(A&Y)))))->((A->((Y->(A->(Y->(A&Y))))->(Y->(Y->(A&Y)))))->(A->(Y->(Y->(A&Y))))))))
((A->(Y->(A->(Y->(A&Y)))))->((A->((Y->(A->(Y->(A&Y))))->(Y->(Y->(A&Y)))))->(A->(Y->(Y->(A&Y))))))
(((A&Y)->@xW)->((A->(Y->(A->(Y->(A&Y)))))->((A->((Y->(A->(Y->(A&Y))))->(Y->(Y->(A&Y)))))->(A->(Y->(Y->(A&Y)))))))
((((A&Y)->@xW)->(A->(Y->(A->(Y->(A&Y))))))->((((A&Y)->@xW)->((A->(Y->(A->(Y->(A&Y)))))->((A->((Y->(A->(Y->(A&Y))))->(Y->(Y->(A&Y)))))->(A->(Y->(Y->(A&Y)))))))->(((A&Y)->@xW)->((A->((Y->(A->(Y->(A&Y))))->(Y->(Y->(A&Y)))))->(A->(Y->(Y->(A&Y))))))))
((((A&Y)->@xW)->((A->(Y->(A->(Y->(A&Y)))))->((A->((Y->(A->(Y->(A&Y))))->(Y->(Y->(A&Y)))))->(A->(Y->(Y->(A&Y)))))))->(((A&Y)->@xW)->((A->((Y->(A->(Y->(A&Y))))->(Y->(Y->(A&Y)))))->(A->(Y->(Y->(A&Y)))))))
(((A&Y)->@xW)->((A->((Y->(A->(Y->(A&Y))))->(Y->(Y->(A&Y)))))->(A->(Y->(Y->(A&Y))))))
((((A&Y)->@xW)->(A->((Y->(A->(Y->(A&Y))))->(Y->(Y->(A&Y))))))->((((A&Y)->@xW)->((A->((Y->(A->(Y->(A&Y))))->(Y->(Y->(A&Y)))))->(A->(Y->(Y->(A&Y))))))->(((A&Y)->@xW)->(A->(Y->(Y->(A&Y)))))))
((((A&Y)->@xW)->((A->((Y->(A->(Y->(A&Y))))->(Y->(Y->(A&Y)))))->(A->(Y->(Y->(A&Y))))))->(((A&Y)->@xW)->(A->(Y->(Y->(A&Y))))))
(((A&Y)->@xW)->(A->(Y->(Y->(A&Y)))))
((((Y->Y)->((Y->(Y->(A&Y)))->(Y->(A&Y))))->(A->((Y->Y)->((Y->(Y->(A&Y)))->(Y->(A&Y))))))->(((A&Y)->@xW)->(((Y->Y)->((Y->(Y->(A&Y)))->(Y->(A&Y))))->(A->((Y->Y)->((Y->(Y->(A&Y)))->(Y->(A&Y))))))))
(((Y->Y)->((Y->(Y->(A&Y)))->(Y->(A&Y))))->(A->((Y->Y)->((Y->(Y->(A&Y)))->(Y->(A&Y))))))
(((A&Y)->@xW)->(((Y->Y)->((Y->(Y->(A&Y)))->(Y->(A&Y))))->(A->((Y->Y)->((Y->(Y->(A&Y)))->(Y->(A&Y)))))))
(((Y->Y)->((Y->(Y->(A&Y)))->(Y->(A&Y))))->(((A&Y)->@xW)->((Y->Y)->((Y->(Y->(A&Y)))->(Y->(A&Y))))))
((Y->Y)->((Y->(Y->(A&Y)))->(Y->(A&Y))))
(((A&Y)->@xW)->((Y->Y)->((Y->(Y->(A&Y)))->(Y->(A&Y)))))
((((A&Y)->@xW)->((Y->Y)->((Y->(Y->(A&Y)))->(Y->(A&Y)))))->((((A&Y)->@xW)->(((Y->Y)->((Y->(Y->(A&Y)))->(Y->(A&Y))))->(A->((Y->Y)->((Y->(Y->(A&Y)))->(Y->(A&Y)))))))->(((A&Y)->@xW)->(A->((Y->Y)->((Y->(Y->(A&Y)))->(Y->(A&Y))))))))
((((A&Y)->@xW)->(((Y->Y)->((Y->(Y->(A&Y)))->(Y->(A&Y))))->(A->((Y->Y)->((Y->(Y->(A&Y)))->(Y->(A&Y)))))))->(((A&Y)->@xW)->(A->((Y->Y)->((Y->(Y->(A&Y)))->(Y->(A&Y)))))))
(((A&Y)->@xW)->(A->((Y->Y)->((Y->(Y->(A&Y)))->(Y->(A&Y))))))
(((A->(Y->Y))->((A->((Y->Y)->((Y->(Y->(A&Y)))->(Y->(A&Y)))))->(A->((Y->(Y->(A&Y)))->(Y->(A&Y))))))->(((A&Y)->@xW)->((A->(Y->Y))->((A->((Y->Y)->((Y->(Y->(A&Y)))->(Y->(A&Y)))))->(A->((Y->(Y->(A&Y)))->(Y->(A&Y))))))))
((A->(Y->Y))->((A->((Y->Y)->((Y->(Y->(A&Y)))->(Y->(A&Y)))))->(A->((Y->(Y->(A&Y)))->(Y->(A&Y))))))
(((A&Y)->@xW)->((A->(Y->Y))->((A->((Y->Y)->((Y->(Y->(A&Y)))->(Y->(A&Y)))))->(A->((Y->(Y->(A&Y)))->(Y->(A&Y)))))))
((((A&Y)->@xW)->(A->(Y->Y)))->((((A&Y)->@xW)->((A->(Y->Y))->((A->((Y->Y)->((Y->(Y->(A&Y)))->(Y->(A&Y)))))->(A->((Y->(Y->(A&Y)))->(Y->(A&Y)))))))->(((A&Y)->@xW)->((A->((Y->Y)->((Y->(Y->(A&Y)))->(Y->(A&Y)))))->(A->((Y->(Y->(A&Y)))->(Y->(A&Y))))))))
((((A&Y)->@xW)->((A->(Y->Y))->((A->((Y->Y)->((Y->(Y->(A&Y)))->(Y->(A&Y)))))->(A->((Y->(Y->(A&Y)))->(Y->(A&Y)))))))->(((A&Y)->@xW)->((A->((Y->Y)->((Y->(Y->(A&Y)))->(Y->(A&Y)))))->(A->((Y->(Y->(A&Y)))->(Y->(A&Y)))))))
(((A&Y)->@xW)->((A->((Y->Y)->((Y->(Y->(A&Y)))->(Y->(A&Y)))))->(A->((Y->(Y->(A&Y)))->(Y->(A&Y))))))
((((A&Y)->@xW)->(A->((Y->Y)->((Y->(Y->(A&Y)))->(Y->(A&Y))))))->((((A&Y)->@xW)->((A->((Y->Y)->((Y->(Y->(A&Y)))->(Y->(A&Y)))))->(A->((Y->(Y->(A&Y)))->(Y->(A&Y))))))->(((A&Y)->@xW)->(A->((Y->(Y->(A&Y)))->(Y->(A&Y)))))))
((((A&Y)->@xW)->((A->((Y->Y)->((Y->(Y->(A&Y)))->(Y->(A&Y)))))->(A->((Y->(Y->(A&Y)))->(Y->(A&Y))))))->(((A&Y)->@xW)->(A->((Y->(Y->(A&Y)))->(Y->(A&Y))))))
(((A&Y)->@xW)->(A->((Y->(Y->(A&Y)))->(Y->(A&Y)))))
(((A->A)->((A->(A->(Y->(A&Y))))->(A->(Y->(A&Y)))))->(((A&Y)->@xW)->((A->A)->((A->(A->(Y->(A&Y))))->(A->(Y->(A&Y)))))))
((A->A)->((A->(A->(Y->(A&Y))))->(A->(Y->(A&Y)))))
(((A&Y)->@xW)->((A->A)->((A->(A->(Y->(A&Y))))->(A->(Y->(A&Y))))))
((((A&Y)->@xW)->(A->A))->((((A&Y)->@xW)->((A->A)->((A->(A->(Y->(A&Y))))->(A->(Y->(A&Y))))))->(((A&Y)->@xW)->((A->(A->(Y->(A&Y))))->(A->(Y->(A&Y)))))))
((((A&Y)->@xW)->((A->A)->((A->(A->(Y->(A&Y))))->(A->(Y->(A&Y))))))->(((A&Y)->@xW)->((A->(A->(Y->(A&Y))))->(A->(Y->(A&Y))))))
(((A&Y)->@xW)->((A->(A->(Y->(A&Y))))->(A->(Y->(A&Y)))))
((A->(Y->(A&Y)))->(((A&Y)->@xW)->(A->(Y->(A&Y)))))
(A->(Y->(A&Y)))
(((A&Y)->@xW)->(A->(Y->(A&Y))))
((((Y->(A&Y))->((Y->((A&Y)->@xW))->(Y->@xW)))->(A->((Y->(A&Y))->((Y->((A&Y)->@xW))->(Y->@xW)))))->(((A&Y)->@xW)->(((Y->(A&Y))->((Y->((A&Y)->@xW))->(Y->@xW)))->(A->((Y->(A&Y))->((Y->((A&Y)->@xW))->(Y->@xW)))))))
(((Y->(A&Y))->((Y->((A&Y)->@xW))->(Y->@xW)))->(A->((Y->(A&Y))->((Y->((A&Y)->@xW))->(Y->@xW)))))
(((A&Y)->@xW)->(((Y->(A&Y))->((Y->((A&Y)->@xW))->(Y->@xW)))->(A->((Y->(A&Y))->((Y->((A&Y)->@xW))->(Y->@xW))))))
(((Y->(A&Y))->((Y->((A&Y)->@xW))->(Y->@xW)))->(((A&Y)->@xW)->((Y->(A&Y))->((Y->((A&Y)->@xW))->(Y->@xW)))))
((Y->(A&Y))->((Y->((A&Y)->@xW))->(Y->@xW)))
(((A&Y)->@xW)->((Y->(A&Y))->((Y->((A&Y)->@xW))->(Y->@xW))))
((((A&Y)->@xW)->((Y->(A&Y))->((Y->((A&Y)->@xW))->(Y->@xW))))->((((A&Y)->@xW)->(((Y->(A&Y))->((Y->((A&Y)->@xW))->(Y->@xW)))->(A->((Y->(A&Y))->((Y->((A&Y)->@xW))->(Y->@xW))))))->(((A&Y)->@xW)->(A->((Y->(A&Y))->((Y->((A&Y)->@xW))->(Y->@xW)))))))
((((A&Y)->@xW)->(((Y->(A&Y))->((Y->((A&Y)->@xW))->(Y->@xW)))->(A->((Y->(A&Y))->((Y->((A&Y)->@xW))->(Y->@xW))))))->(((A&Y)->@xW)->(A->((Y->(A&Y))->((Y->((A&Y)->@xW))->(Y->@xW))))))
(((A&Y)->@xW)->(A->((Y->(A&Y))->((Y->((A&Y)->@xW))->(Y->@xW)))))
(((A->(Y->(A&Y)))->((A->((Y->(A&Y))->((Y->((A&Y)->@xW))->(Y->@xW))))->(A->((Y->((A&Y)->@xW))->(Y->@xW)))))->(((A&Y)->@xW)->((A->(Y->(A&Y)))->((A->((Y->(A&Y))->((Y->((A&Y)->@xW))->(Y->@xW))))->(A->((Y->((A&Y)->@xW))->(Y->@xW)))))))
((A->(Y->(A&Y)))->((A->((Y->(A&Y))->((Y->((A&Y)->@xW))->(Y->@xW))))->(A->((Y->((A&Y)->@xW))->(Y->@xW)))))
(((A&Y)->@xW)->((A->(Y->(A&Y)))->((A->((Y->(A&Y))->((Y->((A&Y)->@xW))->(Y->@xW))))->(A->((Y->((A&Y)->@xW))->(Y->@xW))))))
((((A&Y)->@xW)->(A->(Y->(A&Y))))->((((A&Y)->@xW)->((A->(Y->(A&Y)))->((A->((Y->(A&Y))->((Y->((A&Y)->@xW))->(Y->@xW))))->(A->((Y->((A&Y)->@xW))->(Y->@xW))))))->(((A&Y)->@xW)->((A->((Y->(A&Y))->((Y->((A&Y)->@xW))->(Y->@xW))))->(A->((Y->((A&Y)->@xW))->(Y->@xW)))))))
((((A&Y)->@xW)->((A->(Y->(A&Y)))->((A->((Y->(A&Y))->((Y->((A&Y)->@xW))->(Y->@xW))))->(A->((Y->((A&Y)->@xW))->(Y->@xW))))))->(((A&Y)->@xW)->((A->((Y->(A&Y))->((Y->((A&Y)->@xW))->(Y->@xW))))->(A->((Y->((A&Y)->@xW))->(Y->@xW))))))
(((A&Y)->@xW)->((A->((Y->(A&Y))->((Y->((A&Y)->@xW))->(Y->@xW))))->(A->((Y->((A&Y)->@xW))->(Y->@xW)))))
((((A&Y)->@xW)->(A->((Y->(A&Y))->((Y->((A&Y)->@xW))->(Y->@xW)))))->((((A&Y)->@xW)->((A->((Y->(A&Y))->((Y->((A&Y)->@xW))->(Y->@xW))))->(A->((Y->((A&Y)->@xW))->(Y->@xW)))))->(((A&Y)->@xW)->(A->((Y->((A&Y)->@xW))->(Y->@xW))))))
((((A&Y)->@xW)->((A->((Y->(A&Y))->((Y->((A&Y)->@xW))->(Y->@xW))))->(A->((Y->((A&Y)->@xW))->(Y->@xW)))))->(((A&Y)->@xW)->(A->((Y->((A&Y)->@xW))->(Y->@xW)))))
(((A&Y)->@xW)->(A->((Y->((A&Y)->@xW))->(Y->@xW))))
(((A->(Y->((A&Y)->@xW)))->((A->((Y->((A&Y)->@xW))->(Y->@xW)))->(A->(Y->@xW))))->(((A&Y)->@xW)->((A->(Y->((A&Y)->@xW)))->((A->((Y->((A&Y)->@xW))->(Y->@xW)))->(A->(Y->@xW))))))
((A->(Y->((A&Y)->@xW)))->((A->((Y->((A&Y)->@xW))->(Y->@xW)))->(A->(Y->@xW))))
(((A&Y)->@xW)->((A->(Y->((A&Y)->@xW)))->((A->((Y->((A&Y)->@xW))->(Y->@xW)))->(A->(Y->@xW)))))
((((A&Y)->@xW)->(A->(Y->((A&Y)->@xW))))->((((A&Y)->@xW)->((A->(Y->((A&Y)->@xW)))->((A->((Y->((A&Y)->@xW))->(Y->@xW)))->(A->(Y->@xW)))))->(((A&Y)->@xW)->((A->((Y->((A&Y)->@xW))->(Y->@xW)))->(A->(Y->@xW))))))
((((A&Y)->@xW)->((A->(Y->((A&Y)->@xW)))->((A->((Y->((A&Y)->@xW))->(Y->@xW)))->(A->(Y->@xW)))))->(((A&Y)->@xW)->((A->((Y->((A&Y)->@xW))->(Y->@xW)))->(A->(Y->@xW)))))
(((A&Y)->@xW)->((A->((Y->((A&Y)->@xW))->(Y->@xW)))->(A->(Y->@xW))))
((((A&Y)->@xW)->(A->((Y->((A&Y)->@xW))->(Y->@xW))))->((((A&Y)->@xW)->((A->((Y->((A&Y)->@xW))->(Y->@xW)))->(A->(Y->@xW))))->(((A&Y)->@xW)->(A->(Y->@xW)))))
((((A&Y)->@xW)->((A->((Y->((A&Y)->@xW))->(Y->@xW)))->(A->(Y->@xW))))->(((A&Y)->@xW)->(A->(Y->@xW))))
(((A&Y)->@xW)->(A->(Y->@xW)))


A->Y->@xW